2025-12-07 18:14:09.219 [info] Native locator: Refresh started
2025-12-07 18:14:09.219 [info] Skipping ActivatedEnv Detection:  process.env.VSCODE_CLI !== '1'
2025-12-07 18:14:09.354 [info] > pyenv which python
2025-12-07 18:14:09.354 [info] cwd: .
2025-12-07 18:14:10.118 [info] Python interpreter path: /bin/python3
2025-12-07 18:14:12.199 [info] Native locator: Refresh finished in 3722 ms
2025-12-07 18:14:12.678 [info] Starting Pylance language server.
2025-12-07 18:19:17.507 [info] Discover tests for workspace name: terry - uri: /home/terry/repos/weather-data-project/airflow/dags/orchestrator.py
2025-12-07 18:19:20.999 [info] Discover tests for workspace name: terry - uri: /home/terry/repos/weather-data-project/airflow/dags/orchestrator.py
2025-12-07 18:19:23.856 [info] Discover tests for workspace name: terry - uri: /home/terry/repos/weather-data-project/airflow/dags/orchestrator.py
2025-12-07 18:19:37.056 [info] Discover tests for workspace name: terry - uri: /home/terry/repos/weather-data-project/airflow/dags/orchestrator.py
2025-12-07 18:19:38.524 [info] Discover tests for workspace name: terry - uri: /home/terry/repos/weather-data-project/airflow/dags/orchestrator.py
2025-12-07 18:19:42.452 [info] Discover tests for workspace name: terry - uri: /home/terry/repos/weather-data-project/airflow/dags/orchestrator.py
2025-12-07 18:19:46.045 [info] Discover tests for workspace name: terry - uri: /home/terry/repos/weather-data-project/airflow/dags/orchestrator.py
2025-12-07 18:19:47.800 [info] Discover tests for workspace name: terry - uri: /home/terry/repos/weather-data-project/airflow/dags/orchestrator.py
2025-12-07 18:19:49.390 [info] Discover tests for workspace name: terry - uri: /home/terry/repos/weather-data-project/airflow/dags/orchestrator.py
2025-12-07 18:19:51.942 [info] Discover tests for workspace name: terry - uri: /home/terry/repos/weather-data-project/airflow/dags/orchestrator.py
2025-12-07 18:20:09.171 [info] Discover tests for workspace name: terry - uri: /home/terry/repos/weather-data-project/airflow/dags/orchestrator.py
2025-12-07 18:20:11.991 [info] Discover tests for workspace name: terry - uri: /home/terry/repos/weather-data-project/airflow/dags/orchestrator.py
2025-12-07 18:20:13.440 [info] Discover tests for workspace name: terry - uri: /home/terry/repos/weather-data-project/airflow/dags/orchestrator.py
2025-12-07 18:20:17.008 [info] Discover tests for workspace name: terry - uri: /home/terry/repos/weather-data-project/airflow/dags/orchestrator.py
2025-12-07 18:20:22.783 [info] Discover tests for workspace name: terry - uri: /home/terry/repos/weather-data-project/airflow/dags/orchestrator.py
2025-12-07 18:20:28.259 [info] Discover tests for workspace name: terry - uri: /home/terry/repos/weather-data-project/airflow/dags/orchestrator.py
2025-12-07 18:20:30.857 [info] Discover tests for workspace name: terry - uri: /home/terry/repos/weather-data-project/airflow/dags/orchestrator.py
2025-12-07 18:20:39.469 [info] Discover tests for workspace name: terry - uri: /home/terry/repos/weather-data-project/airflow/dags/orchestrator.py
2025-12-07 18:20:41.486 [info] Discover tests for workspace name: terry - uri: /home/terry/repos/weather-data-project/airflow/dags/orchestrator.py
2025-12-07 18:20:48.782 [info] Discover tests for workspace name: terry - uri: /home/terry/repos/weather-data-project/airflow/dags/orchestrator.py
2025-12-07 18:20:50.430 [info] Discover tests for workspace name: terry - uri: /home/terry/repos/weather-data-project/airflow/dags/orchestrator.py
2025-12-07 18:20:52.775 [info] Discover tests for workspace name: terry - uri: /home/terry/repos/weather-data-project/airflow/dags/orchestrator.py
2025-12-07 18:20:57.415 [info] Discover tests for workspace name: terry - uri: /home/terry/repos/weather-data-project/airflow/dags/orchestrator.py
2025-12-07 18:20:59.117 [info] Discover tests for workspace name: terry - uri: /home/terry/repos/weather-data-project/airflow/dags/orchestrator.py
2025-12-07 18:21:02.086 [info] Discover tests for workspace name: terry - uri: /home/terry/repos/weather-data-project/airflow/dags/orchestrator.py
2025-12-07 18:21:07.334 [info] Discover tests for workspace name: terry - uri: /home/terry/repos/weather-data-project/airflow/dags/orchestrator.py
2025-12-07 18:21:09.186 [info] Discover tests for workspace name: terry - uri: /home/terry/repos/weather-data-project/airflow/dags/orchestrator.py
2025-12-07 18:21:14.312 [info] Discover tests for workspace name: terry - uri: /home/terry/repos/weather-data-project/airflow/dags/orchestrator.py
2025-12-07 18:21:15.853 [info] Discover tests for workspace name: terry - uri: /home/terry/repos/weather-data-project/airflow/dags/orchestrator.py
2025-12-07 18:21:17.602 [info] Discover tests for workspace name: terry - uri: /home/terry/repos/weather-data-project/airflow/dags/orchestrator.py
2025-12-07 18:21:19.618 [info] Discover tests for workspace name: terry - uri: /home/terry/repos/weather-data-project/airflow/dags/orchestrator.py
2025-12-07 18:21:23.644 [info] Discover tests for workspace name: terry - uri: /home/terry/repos/weather-data-project/airflow/dags/orchestrator.py
2025-12-07 18:21:27.309 [info] Discover tests for workspace name: terry - uri: /home/terry/repos/weather-data-project/airflow/dags/orchestrator.py
2025-12-07 18:21:30.592 [info] Discover tests for workspace name: terry - uri: /home/terry/repos/weather-data-project/airflow/dags/orchestrator.py
2025-12-07 18:21:35.776 [info] Discover tests for workspace name: terry - uri: /home/terry/repos/weather-data-project/airflow/dags/orchestrator.py
2025-12-07 18:21:38.557 [info] Discover tests for workspace name: terry - uri: /home/terry/repos/weather-data-project/airflow/dags/orchestrator.py
2025-12-07 18:21:40.653 [info] Discover tests for workspace name: terry - uri: /home/terry/repos/weather-data-project/airflow/dags/orchestrator.py
2025-12-07 18:21:43.444 [info] Discover tests for workspace name: terry - uri: /home/terry/repos/weather-data-project/airflow/dags/orchestrator.py
2025-12-07 18:21:45.664 [info] Discover tests for workspace name: terry - uri: /home/terry/repos/weather-data-project/airflow/dags/orchestrator.py
2025-12-07 18:21:54.945 [info] Discover tests for workspace name: terry - uri: /home/terry/repos/weather-data-project/airflow/dags/orchestrator.py
2025-12-07 18:22:32.124 [info] Discover tests for workspace name: terry - uri: /home/terry/repos/weather-data-project/airflow/dags/orchestrator.py
2025-12-07 18:22:36.764 [info] Discover tests for workspace name: terry - uri: /home/terry/repos/weather-data-project/airflow/dags/orchestrator.py
2025-12-07 18:22:38.348 [info] Discover tests for workspace name: terry - uri: /home/terry/repos/weather-data-project/airflow/dags/orchestrator.py
2025-12-07 18:22:40.135 [info] Discover tests for workspace name: terry - uri: /home/terry/repos/weather-data-project/airflow/dags/orchestrator.py
2025-12-07 18:22:41.378 [info] Discover tests for workspace name: terry - uri: /home/terry/repos/weather-data-project/airflow/dags/orchestrator.py
2025-12-07 18:22:47.818 [info] Discover tests for workspace name: terry - uri: /home/terry/repos/weather-data-project/airflow/dags/orchestrator.py
2025-12-07 18:22:50.654 [info] Discover tests for workspace name: terry - uri: /home/terry/repos/weather-data-project/airflow/dags/orchestrator.py
2025-12-07 18:22:53.074 [info] Discover tests for workspace name: terry - uri: /home/terry/repos/weather-data-project/airflow/dags/orchestrator.py
2025-12-07 18:22:54.429 [info] Discover tests for workspace name: terry - uri: /home/terry/repos/weather-data-project/airflow/dags/orchestrator.py
2025-12-07 18:23:09.432 [info] Discover tests for workspace name: terry - uri: /home/terry/repos/weather-data-project/airflow/dags/orchestrator.py
2025-12-07 18:23:14.594 [info] Discover tests for workspace name: terry - uri: /home/terry/repos/weather-data-project/airflow/dags/orchestrator.py
2025-12-07 18:23:19.067 [info] Discover tests for workspace name: terry - uri: /home/terry/repos/weather-data-project/airflow/dags/orchestrator.py
2025-12-07 18:23:24.832 [info] Discover tests for workspace name: terry - uri: /home/terry/repos/weather-data-project/airflow/dags/orchestrator.py
2025-12-07 18:23:32.805 [info] Discover tests for workspace name: terry - uri: /home/terry/repos/weather-data-project/airflow/dags/orchestrator.py
2025-12-07 18:23:37.508 [info] Discover tests for workspace name: terry - uri: /home/terry/repos/weather-data-project/airflow/dags/orchestrator.py
2025-12-07 18:23:39.328 [info] Discover tests for workspace name: terry - uri: /home/terry/repos/weather-data-project/airflow/dags/orchestrator.py
2025-12-07 18:23:42.296 [info] Discover tests for workspace name: terry - uri: /home/terry/repos/weather-data-project/airflow/dags/orchestrator.py
2025-12-07 18:23:48.353 [info] Discover tests for workspace name: terry - uri: /home/terry/repos/weather-data-project/airflow/dags/orchestrator.py
2025-12-07 18:23:54.913 [info] Discover tests for workspace name: terry - uri: /home/terry/repos/weather-data-project/airflow/dags/orchestrator.py
2025-12-07 18:23:59.722 [info] Discover tests for workspace name: terry - uri: /home/terry/repos/weather-data-project/airflow/dags/orchestrator.py
2025-12-07 18:24:03.029 [info] Discover tests for workspace name: terry - uri: /home/terry/repos/weather-data-project/airflow/dags/orchestrator.py
2025-12-07 18:24:05.994 [info] Discover tests for workspace name: terry - uri: /home/terry/repos/weather-data-project/airflow/dags/orchestrator.py
2025-12-07 18:24:11.776 [info] Discover tests for workspace name: terry - uri: /home/terry/repos/weather-data-project/airflow/dags/orchestrator.py
2025-12-07 18:24:15.486 [info] Discover tests for workspace name: terry - uri: /home/terry/repos/weather-data-project/airflow/dags/orchestrator.py
2025-12-07 18:24:22.789 [info] Discover tests for workspace name: terry - uri: /home/terry/repos/weather-data-project/airflow/dags/orchestrator.py
2025-12-07 18:24:26.123 [info] Discover tests for workspace name: terry - uri: /home/terry/repos/weather-data-project/airflow/dags/orchestrator.py
2025-12-07 18:24:31.013 [info] Discover tests for workspace name: terry - uri: /home/terry/repos/weather-data-project/airflow/dags/orchestrator.py
2025-12-07 18:24:33.602 [info] Discover tests for workspace name: terry - uri: /home/terry/repos/weather-data-project/airflow/dags/orchestrator.py
2025-12-07 18:24:39.420 [info] Discover tests for workspace name: terry - uri: /home/terry/repos/weather-data-project/airflow/dags/orchestrator.py
2025-12-07 18:24:42.554 [info] Discover tests for workspace name: terry - uri: /home/terry/repos/weather-data-project/airflow/dags/orchestrator.py
2025-12-07 18:26:35.265 [info] Discover tests for workspace name: terry - uri: /home/terry/repos/weather-data-project/airflow/dags/orchestrator.py
2025-12-07 18:26:36.524 [info] Discover tests for workspace name: terry - uri: /home/terry/repos/weather-data-project/airflow/dags/orchestrator.py
2025-12-07 18:26:39.532 [info] Discover tests for workspace name: terry - uri: /home/terry/repos/weather-data-project/airflow/dags/orchestrator.py
2025-12-07 18:26:44.369 [info] Discover tests for workspace name: terry - uri: /home/terry/repos/weather-data-project/airflow/dags/orchestrator.py
2025-12-07 18:27:24.225 [info] Discover tests for workspace name: terry - uri: /home/terry/repos/weather-data-project/airflow/dags/orchestrator.py
2025-12-07 18:27:31.156 [info] Discover tests for workspace name: terry - uri: /home/terry/repos/weather-data-project/airflow/dags/orchestrator.py
2025-12-07 18:27:32.326 [info] Discover tests for workspace name: terry - uri: /home/terry/repos/weather-data-project/airflow/dags/orchestrator.py
2025-12-07 18:27:35.282 [info] Discover tests for workspace name: terry - uri: /home/terry/repos/weather-data-project/airflow/dags/orchestrator.py
2025-12-07 18:27:38.014 [info] Discover tests for workspace name: terry - uri: /home/terry/repos/weather-data-project/airflow/dags/orchestrator.py
2025-12-07 18:27:39.694 [info] Discover tests for workspace name: terry - uri: /home/terry/repos/weather-data-project/airflow/dags/orchestrator.py
2025-12-07 18:27:41.643 [info] Discover tests for workspace name: terry - uri: /home/terry/repos/weather-data-project/airflow/dags/orchestrator.py
2025-12-07 18:27:42.931 [info] Discover tests for workspace name: terry - uri: /home/terry/repos/weather-data-project/airflow/dags/orchestrator.py
2025-12-07 18:27:46.639 [info] Discover tests for workspace name: terry - uri: /home/terry/repos/weather-data-project/airflow/dags/orchestrator.py
2025-12-07 18:27:48.143 [info] Discover tests for workspace name: terry - uri: /home/terry/repos/weather-data-project/airflow/dags/orchestrator.py
2025-12-07 18:27:51.448 [info] Discover tests for workspace name: terry - uri: /home/terry/repos/weather-data-project/airflow/dags/orchestrator.py
2025-12-07 18:27:53.031 [info] Discover tests for workspace name: terry - uri: /home/terry/repos/weather-data-project/airflow/dags/orchestrator.py
2025-12-07 18:27:59.403 [info] Discover tests for workspace name: terry - uri: /home/terry/repos/weather-data-project/airflow/dags/orchestrator.py
2025-12-07 18:28:47.467 [info] Discover tests for workspace name: terry - uri: /home/terry/repos/weather-data-project/airflow/dags/orchestrator.py
2025-12-07 18:28:51.520 [info] Discover tests for workspace name: terry - uri: /home/terry/repos/weather-data-project/airflow/dags/orchestrator.py
2025-12-07 18:29:22.157 [info] Discover tests for workspace name: terry - uri: /home/terry/repos/weather-data-project/airflow/dags/orchestrator.py
2025-12-07 18:29:32.213 [info] Discover tests for workspace name: terry - uri: /home/terry/repos/weather-data-project/airflow/dags/orchestrator.py
2025-12-07 18:29:33.395 [info] Discover tests for workspace name: terry - uri: /home/terry/repos/weather-data-project/airflow/dags/orchestrator.py
2025-12-07 18:29:37.319 [info] Discover tests for workspace name: terry - uri: /home/terry/repos/weather-data-project/airflow/dags/orchestrator.py
2025-12-07 18:29:40.416 [info] Discover tests for workspace name: terry - uri: /home/terry/repos/weather-data-project/airflow/dags/orchestrator.py
2025-12-07 18:29:55.997 [info] Discover tests for workspace name: terry - uri: /home/terry/repos/weather-data-project/airflow/dags/orchestrator.py
2025-12-07 18:29:59.273 [info] Discover tests for workspace name: terry - uri: /home/terry/repos/weather-data-project/airflow/dags/orchestrator.py
2025-12-07 18:30:12.676 [info] Discover tests for workspace name: terry - uri: /home/terry/repos/weather-data-project/airflow/dags/orchestrator.py
2025-12-07 18:35:51.333 [info] Discover tests for workspace name: terry - uri: /home/terry/repos/weather-data-project/airflow/dags/orchestrator.py
2025-12-07 18:35:53.736 [info] Discover tests for workspace name: terry - uri: /home/terry/repos/weather-data-project/airflow/dags/orchestrator.py
2025-12-07 18:36:00.563 [info] Discover tests for workspace name: terry - uri: /home/terry/repos/weather-data-project/airflow/dags/orchestrator.py
2025-12-07 18:43:56.921 [info] Discover tests for workspace name: terry - uri: /home/terry/repos/weather-data-project/airflow/dags/orchestrator.py
2025-12-07 18:44:15.953 [info] Discover tests for workspace name: terry - uri: /home/terry/repos/weather-data-project/airflow/dags/orchestrator.py
2025-12-07 18:44:23.531 [info] Discover tests for workspace name: terry - uri: /home/terry/repos/weather-data-project/airflow/dags/orchestrator.py
2025-12-07 18:44:31.144 [info] Discover tests for workspace name: terry - uri: /home/terry/repos/weather-data-project/airflow/dags/orchestrator.py
2025-12-07 18:44:35.547 [info] Discover tests for workspace name: terry - uri: /home/terry/repos/weather-data-project/airflow/dags/orchestrator.py
2025-12-07 18:44:40.309 [info] Discover tests for workspace name: terry - uri: /home/terry/repos/weather-data-project/airflow/dags/orchestrator.py
2025-12-07 18:44:42.100 [info] Discover tests for workspace name: terry - uri: /home/terry/repos/weather-data-project/airflow/dags/orchestrator.py
2025-12-07 18:44:47.275 [info] Discover tests for workspace name: terry - uri: /home/terry/repos/weather-data-project/airflow/dags/orchestrator.py
2025-12-07 18:44:49.888 [info] Discover tests for workspace name: terry - uri: /home/terry/repos/weather-data-project/airflow/dags/orchestrator.py
2025-12-07 18:45:02.751 [info] Discover tests for workspace name: terry - uri: /home/terry/repos/weather-data-project/airflow/dags/orchestrator.py
2025-12-07 18:45:09.375 [info] Discover tests for workspace name: terry - uri: /home/terry/repos/weather-data-project/airflow/dags/orchestrator.py
2025-12-07 18:45:11.807 [info] Discover tests for workspace name: terry - uri: /home/terry/repos/weather-data-project/airflow/dags/orchestrator.py
2025-12-07 18:45:12.304 [info] Discover tests for workspace name: terry - uri: /home/terry/repos/weather-data-project/airflow/dags/orchestrator.py
2025-12-07 18:45:17.377 [info] Discover tests for workspace name: terry - uri: /home/terry/repos/weather-data-project/airflow/dags/orchestrator.py
2025-12-07 18:45:20.535 [info] Discover tests for workspace name: terry - uri: /home/terry/repos/weather-data-project/airflow/dags/orchestrator.py
2025-12-07 18:45:25.534 [info] Discover tests for workspace name: terry - uri: /home/terry/repos/weather-data-project/airflow/dags/orchestrator.py
2025-12-07 18:45:31.482 [info] Discover tests for workspace name: terry - uri: /home/terry/repos/weather-data-project/airflow/dags/orchestrator.py
2025-12-07 18:45:38.797 [info] Discover tests for workspace name: terry - uri: /home/terry/repos/weather-data-project/airflow/dags/orchestrator.py
2025-12-07 18:47:58.104 [info] Discover tests for workspace name: terry - uri: /home/terry/repos/weather-data-project/airflow/dags/orchestrator.py
2025-12-07 18:48:46.013 [info] Discover tests for workspace name: terry - uri: /home/terry/repos/weather-data-project/airflow/dags/orchestrator.py
2025-12-07 18:48:47.924 [info] Discover tests for workspace name: terry - uri: /home/terry/repos/weather-data-project/airflow/dags/orchestrator.py
2025-12-07 18:48:54.046 [info] Discover tests for workspace name: terry - uri: /home/terry/repos/weather-data-project/airflow/dags/orchestrator.py
2025-12-07 18:48:55.116 [info] Discover tests for workspace name: terry - uri: /home/terry/repos/weather-data-project/airflow/dags/orchestrator.py
2025-12-07 18:49:16.234 [info] Discover tests for workspace name: terry - uri: /home/terry/repos/weather-data-project/airflow/dags/orchestrator.py
2025-12-07 18:49:22.112 [info] Discover tests for workspace name: terry - uri: /home/terry/repos/weather-data-project/airflow/dags/orchestrator.py
2025-12-07 18:49:24.677 [info] Discover tests for workspace name: terry - uri: /home/terry/repos/weather-data-project/airflow/dags/orchestrator.py
2025-12-07 18:49:30.333 [info] Discover tests for workspace name: terry - uri: /home/terry/repos/weather-data-project/airflow/dags/orchestrator.py
2025-12-07 18:49:38.106 [info] Discover tests for workspace name: terry - uri: /home/terry/repos/weather-data-project/airflow/dags/orchestrator.py
2025-12-07 18:49:46.778 [info] Discover tests for workspace name: terry - uri: /home/terry/repos/weather-data-project/airflow/dags/orchestrator.py
2025-12-07 18:59:58.782 [info] Discover tests for workspace name: terry - uri: /home/terry/repos/weather-data-project/airflow/dags/orchestrator.py
2025-12-07 19:00:01.747 [info] Discover tests for workspace name: terry - uri: /home/terry/repos/weather-data-project/airflow/dags/orchestrator.py
2025-12-07 19:00:04.119 [info] Discover tests for workspace name: terry - uri: /home/terry/repos/weather-data-project/airflow/dags/orchestrator.py
2025-12-07 19:00:07.244 [info] Discover tests for workspace name: terry - uri: /home/terry/repos/weather-data-project/airflow/dags/orchestrator.py
2025-12-07 19:00:14.008 [info] Discover tests for workspace name: terry - uri: /home/terry/repos/weather-data-project/airflow/dags/orchestrator.py
2025-12-07 19:00:30.601 [info] Discover tests for workspace name: terry - uri: /home/terry/repos/weather-data-project/airflow/dags/orchestrator.py
2025-12-07 19:00:41.648 [info] Discover tests for workspace name: terry - uri: /home/terry/repos/weather-data-project/airflow/dags/orchestrator.py
2025-12-07 19:03:12.591 [info] Discover tests for workspace name: terry - uri: /home/terry/repos/weather-data-project/airflow/dags/orchestrator.py
2025-12-07 19:03:28.212 [info] Discover tests for workspace name: terry - uri: /home/terry/repos/weather-data-project/airflow/dags/orchestrator.py
2025-12-07 19:38:42.962 [info] Discover tests for workspace name: terry - uri: /home/terry/repos/weather-data-project/airflow/dags/orchestrator.py
2025-12-07 19:40:30.078 [info] Discover tests for workspace name: terry - uri: /home/terry/repos/weather-data-project/airflow/dags/orchestrator.py
2025-12-07 19:40:42.677 [info] Discover tests for workspace name: terry - uri: /home/terry/repos/weather-data-project/airflow/dags/orchestrator.py
2025-12-07 19:40:45.292 [info] Discover tests for workspace name: terry - uri: /home/terry/repos/weather-data-project/airflow/dags/orchestrator.py
2025-12-07 19:49:41.964 [info] Discover tests for workspace name: terry - uri: /home/terry/repos/weather-data-project/airflow/dags/orchestrator.py
2025-12-07 20:31:28.705 [info] Discover tests for workspace name: terry - uri: /home/terry/repos/weather-data-project/airflow/dags/orchestrator.py
2025-12-07 20:33:05.433 [info] Discover tests for workspace name: terry - uri: /home/terry/repos/weather-data-project/api-request/insert_records.py
2025-12-07 20:33:09.974 [info] Discover tests for workspace name: terry - uri: /home/terry/repos/weather-data-project/api-request/insert_records.py
2025-12-07 20:33:10.272 [info] Discover tests for workspace name: terry - uri: /home/terry/repos/weather-data-project/api-request/insert_records.py
2025-12-07 20:35:19.336 [info] Discover tests for workspace name: terry - uri: /home/terry/repos/weather-data-project/api-request/insert_records.py
2025-12-07 20:35:30.623 [info] Discover tests for workspace name: terry - uri: /home/terry/repos/weather-data-project/api-request/insert_records.py
2025-12-07 20:36:01.323 [info] Discover tests for workspace name: terry - uri: /home/terry/repos/weather-data-project/airflow/dags/orchestrator.py
2025-12-07 20:36:04.355 [info] Discover tests for workspace name: terry - uri: /home/terry/repos/weather-data-project/airflow/dags/orchestrator.py
2025-12-07 20:36:08.292 [info] Discover tests for workspace name: terry - uri: /home/terry/repos/weather-data-project/airflow/dags/orchestrator.py
2025-12-07 20:36:14.996 [info] Discover tests for workspace name: terry - uri: /home/terry/repos/weather-data-project/airflow/dags/orchestrator.py
