2025-12-08 20:22:40.455 [info] [main] Log level: Info
2025-12-08 20:22:40.455 [info] [main] Validating found git in: "git"
2025-12-08 20:22:40.455 [info] [main] Using git "2.43.0" from "git"
2025-12-08 20:22:40.455 [info] [Model][doInitialScan] Initial repository scan started
2025-12-08 20:22:40.455 [info] > git rev-parse --show-toplevel [177ms]
2025-12-08 20:22:40.455 [info] fatal: not a git repository (or any of the parent directories): .git
2025-12-08 20:22:40.455 [info] > git rev-parse --show-toplevel [49ms]
2025-12-08 20:22:40.455 [info] fatal: not a git repository (or any of the parent directories): .git
2025-12-08 20:22:40.457 [info] > git rev-parse --show-toplevel [6ms]
2025-12-08 20:22:40.457 [info] fatal: not a git repository (or any of the parent directories): .git
2025-12-08 20:22:40.471 [info] > git rev-parse --show-toplevel [5ms]
2025-12-08 20:22:40.471 [info] fatal: not a git repository (or any of the parent directories): .git
2025-12-08 20:22:40.485 [info] > git rev-parse --show-toplevel [5ms]
2025-12-08 20:22:40.486 [info] fatal: not a git repository (or any of the parent directories): .git
2025-12-08 20:22:40.501 [info] > git rev-parse --show-toplevel [7ms]
2025-12-08 20:22:40.501 [info] fatal: not a git repository (or any of the parent directories): .git
2025-12-08 20:22:40.521 [info] > git rev-parse --show-toplevel [11ms]
2025-12-08 20:22:40.522 [info] fatal: not a git repository (or any of the parent directories): .git
2025-12-08 20:22:40.535 [info] > git rev-parse --show-toplevel [4ms]
2025-12-08 20:22:40.535 [info] fatal: not a git repository (or any of the parent directories): .git
2025-12-08 20:22:40.538 [info] [Model][doInitialScan] Initial repository scan completed - repositories (0), closed repositories (0), parent repositories (0), unsafe repositories (0)
2025-12-08 20:22:40.914 [info] > git rev-parse --show-toplevel [15ms]
2025-12-08 20:22:40.914 [info] fatal: not a git repository (or any of the parent directories): .git
