2025-12-07 01:42:52.376 [info] [main] Log level: Info
2025-12-07 01:42:52.376 [info] [main] Validating found git in: "git"
2025-12-07 01:42:52.376 [info] [main] Using git "2.43.0" from "git"
2025-12-07 01:42:52.376 [info] [Model][doInitialScan] Initial repository scan started
2025-12-07 01:42:52.376 [info] > git rev-parse --show-toplevel [211ms]
2025-12-07 01:42:52.376 [info] fatal: not a git repository (or any of the parent directories): .git
2025-12-07 01:42:52.376 [info] > git rev-parse --show-toplevel [8ms]
2025-12-07 01:42:52.376 [info] fatal: not a git repository (or any of the parent directories): .git
2025-12-07 01:42:52.376 [info] > git rev-parse --show-toplevel [6ms]
2025-12-07 01:42:52.376 [info] fatal: not a git repository (or any of the parent directories): .git
2025-12-07 01:42:52.377 [info] > git rev-parse --show-toplevel [17ms]
2025-12-07 01:42:52.377 [info] fatal: not a git repository (or any of the parent directories): .git
2025-12-07 01:42:52.388 [info] > git rev-parse --show-toplevel [3ms]
2025-12-07 01:42:52.388 [info] fatal: not a git repository (or any of the parent directories): .git
2025-12-07 01:42:52.402 [info] > git rev-parse --show-toplevel [6ms]
2025-12-07 01:42:52.402 [info] fatal: not a git repository (or any of the parent directories): .git
2025-12-07 01:42:52.506 [info] > git rev-parse --show-toplevel [94ms]
2025-12-07 01:42:52.506 [info] fatal: not a git repository (or any of the parent directories): .git
2025-12-07 01:42:52.526 [info] > git rev-parse --show-toplevel [11ms]
2025-12-07 01:42:52.526 [info] fatal: not a git repository (or any of the parent directories): .git
2025-12-07 01:42:52.527 [info] [Model][doInitialScan] Initial repository scan completed - repositories (0), closed repositories (0), parent repositories (0), unsafe repositories (0)
2025-12-07 01:42:52.773 [info] > git rev-parse --show-toplevel [6ms]
2025-12-07 01:42:52.773 [info] fatal: not a git repository (or any of the parent directories): .git
