2025-12-07 18:14:09.309 [info] [main] Log level: Info
2025-12-07 18:14:09.309 [info] [main] Validating found git in: "git"
2025-12-07 18:14:09.309 [info] [main] Using git "2.43.0" from "git"
2025-12-07 18:14:09.309 [info] [Model][doInitialScan] Initial repository scan started
2025-12-07 18:14:09.309 [info] > git rev-parse --show-toplevel [254ms]
2025-12-07 18:14:09.309 [info] fatal: not a git repository (or any of the parent directories): .git
2025-12-07 18:14:09.309 [info] > git rev-parse --show-toplevel [59ms]
2025-12-07 18:14:09.309 [info] fatal: not a git repository (or any of the parent directories): .git
2025-12-07 18:14:09.340 [info] > git rev-parse --show-toplevel [35ms]
2025-12-07 18:14:09.340 [info] fatal: not a git repository (or any of the parent directories): .git
2025-12-07 18:14:09.494 [info] > git rev-parse --show-toplevel [129ms]
2025-12-07 18:14:09.494 [info] fatal: not a git repository (or any of the parent directories): .git
2025-12-07 18:14:09.534 [info] > git rev-parse --show-toplevel [22ms]
2025-12-07 18:14:09.534 [info] fatal: not a git repository (or any of the parent directories): .git
2025-12-07 18:14:09.570 [info] > git rev-parse --show-toplevel [15ms]
2025-12-07 18:14:09.570 [info] fatal: not a git repository (or any of the parent directories): .git
2025-12-07 18:14:09.659 [info] > git rev-parse --show-toplevel [15ms]
2025-12-07 18:14:09.659 [info] fatal: not a git repository (or any of the parent directories): .git
2025-12-07 18:14:09.675 [info] > git rev-parse --show-toplevel [4ms]
2025-12-07 18:14:09.676 [info] fatal: not a git repository (or any of the parent directories): .git
2025-12-07 18:14:09.679 [info] [Model][doInitialScan] Initial repository scan completed - repositories (0), closed repositories (0), parent repositories (0), unsafe repositories (0)
2025-12-07 18:14:09.733 [info] > git rev-parse --show-toplevel [42ms]
2025-12-07 18:14:09.733 [info] fatal: not a git repository (or any of the parent directories): .git
2025-12-07 18:27:05.368 [info] > git rev-parse --show-toplevel [1ms]
2025-12-07 18:27:05.368 [info] fatal: not a git repository (or any of the parent directories): .git
2025-12-07 18:27:06.036 [info] > git rev-parse --show-toplevel [4ms]
2025-12-07 18:27:06.036 [info] fatal: not a git repository (or any of the parent directories): .git
2025-12-07 18:27:10.107 [info] > git rev-parse --show-toplevel [3ms]
2025-12-07 18:27:10.107 [info] fatal: not a git repository (or any of the parent directories): .git
2025-12-07 18:27:20.305 [info] > git rev-parse --show-toplevel [2ms]
2025-12-07 18:27:20.305 [info] fatal: not a git repository (or any of the parent directories): .git
2025-12-07 18:28:52.187 [info] > git rev-parse --show-toplevel [2ms]
2025-12-07 18:28:52.187 [info] fatal: not a git repository (or any of the parent directories): .git
2025-12-07 18:28:57.770 [info] > git rev-parse --show-toplevel [3ms]
2025-12-07 18:28:57.770 [info] fatal: not a git repository (or any of the parent directories): .git
2025-12-07 18:29:43.809 [info] > git rev-parse --show-toplevel [2ms]
2025-12-07 18:29:43.809 [info] fatal: not a git repository (or any of the parent directories): .git
2025-12-07 18:29:49.368 [info] > git rev-parse --show-toplevel [2ms]
2025-12-07 18:29:49.368 [info] fatal: not a git repository (or any of the parent directories): .git
2025-12-07 18:29:50.228 [info] > git rev-parse --show-toplevel [3ms]
2025-12-07 18:29:50.228 [info] fatal: not a git repository (or any of the parent directories): .git
2025-12-07 18:35:17.859 [info] > git rev-parse --show-toplevel [3ms]
2025-12-07 18:35:17.859 [info] fatal: not a git repository (or any of the parent directories): .git
2025-12-07 18:35:27.177 [info] > git rev-parse --show-toplevel [3ms]
2025-12-07 18:35:27.177 [info] fatal: not a git repository (or any of the parent directories): .git
2025-12-07 18:41:32.052 [info] > git rev-parse --show-toplevel [3ms]
2025-12-07 18:41:32.052 [info] fatal: not a git repository (or any of the parent directories): .git
2025-12-07 18:42:40.934 [info] > git rev-parse --show-toplevel [4ms]
2025-12-07 18:42:40.934 [info] fatal: not a git repository (or any of the parent directories): .git
2025-12-07 18:42:50.394 [info] > git rev-parse --show-toplevel [2ms]
2025-12-07 18:42:50.395 [info] fatal: not a git repository (or any of the parent directories): .git
2025-12-07 18:43:24.746 [info] > git rev-parse --show-toplevel [3ms]
2025-12-07 18:43:24.746 [info] fatal: not a git repository (or any of the parent directories): .git
2025-12-07 18:46:23.874 [info] > git rev-parse --show-toplevel [2ms]
2025-12-07 18:46:23.874 [info] fatal: not a git repository (or any of the parent directories): .git
2025-12-07 18:46:24.521 [info] > git rev-parse --show-toplevel [2ms]
2025-12-07 18:46:24.521 [info] fatal: not a git repository (or any of the parent directories): .git
2025-12-07 18:46:31.478 [info] > git rev-parse --show-toplevel [2ms]
2025-12-07 18:46:31.478 [info] fatal: not a git repository (or any of the parent directories): .git
2025-12-07 18:46:31.954 [info] > git rev-parse --show-toplevel [3ms]
2025-12-07 18:46:31.954 [info] fatal: not a git repository (or any of the parent directories): .git
2025-12-07 18:46:33.119 [info] > git rev-parse --show-toplevel [2ms]
2025-12-07 18:46:33.119 [info] fatal: not a git repository (or any of the parent directories): .git
2025-12-07 18:47:21.272 [info] > git rev-parse --show-toplevel [2ms]
2025-12-07 18:47:21.272 [info] fatal: not a git repository (or any of the parent directories): .git
2025-12-07 18:47:53.272 [info] > git rev-parse --show-toplevel [2ms]
2025-12-07 18:47:53.272 [info] fatal: not a git repository (or any of the parent directories): .git
2025-12-07 18:50:33.604 [info] > git rev-parse --show-toplevel [1ms]
2025-12-07 18:50:33.605 [info] fatal: not a git repository (or any of the parent directories): .git
2025-12-07 18:50:35.322 [info] > git rev-parse --show-toplevel [2ms]
2025-12-07 18:50:35.322 [info] fatal: not a git repository (or any of the parent directories): .git
2025-12-07 18:50:36.174 [info] > git rev-parse --show-toplevel [2ms]
2025-12-07 18:50:36.174 [info] fatal: not a git repository (or any of the parent directories): .git
2025-12-07 18:51:36.432 [info] > git rev-parse --show-toplevel [2ms]
2025-12-07 18:51:36.432 [info] fatal: not a git repository (or any of the parent directories): .git
2025-12-07 19:02:15.393 [info] > git rev-parse --show-toplevel [2ms]
2025-12-07 19:02:15.393 [info] fatal: not a git repository (or any of the parent directories): .git
2025-12-07 19:02:16.893 [info] > git rev-parse --show-toplevel [3ms]
2025-12-07 19:02:16.893 [info] fatal: not a git repository (or any of the parent directories): .git
2025-12-07 19:03:08.702 [info] > git rev-parse --show-toplevel [4ms]
2025-12-07 19:03:08.702 [info] fatal: not a git repository (or any of the parent directories): .git
2025-12-07 19:03:16.025 [info] > git rev-parse --show-toplevel [2ms]
2025-12-07 19:03:16.025 [info] fatal: not a git repository (or any of the parent directories): .git
2025-12-07 19:03:26.019 [info] > git rev-parse --show-toplevel [2ms]
2025-12-07 19:03:26.019 [info] fatal: not a git repository (or any of the parent directories): .git
2025-12-07 19:08:00.150 [info] > git rev-parse --show-toplevel [2ms]
2025-12-07 19:08:00.151 [info] fatal: not a git repository (or any of the parent directories): .git
2025-12-07 19:21:59.173 [info] > git rev-parse --show-toplevel [4ms]
2025-12-07 19:21:59.173 [info] fatal: not a git repository (or any of the parent directories): .git
2025-12-07 19:23:05.743 [info] > git rev-parse --show-toplevel [2ms]
2025-12-07 19:23:05.743 [info] fatal: not a git repository (or any of the parent directories): .git
2025-12-07 19:23:12.095 [info] > git rev-parse --show-toplevel [2ms]
2025-12-07 19:23:12.095 [info] fatal: not a git repository (or any of the parent directories): .git
2025-12-07 19:24:07.710 [info] > git rev-parse --show-toplevel [1ms]
2025-12-07 19:24:07.711 [info] fatal: not a git repository (or any of the parent directories): .git
2025-12-07 19:24:08.660 [info] > git rev-parse --show-toplevel [2ms]
2025-12-07 19:24:08.660 [info] fatal: not a git repository (or any of the parent directories): .git
2025-12-07 19:24:09.109 [info] > git rev-parse --show-toplevel [2ms]
2025-12-07 19:24:09.109 [info] fatal: not a git repository (or any of the parent directories): .git
2025-12-07 19:24:22.134 [info] > git rev-parse --show-toplevel [2ms]
2025-12-07 19:24:22.135 [info] fatal: not a git repository (or any of the parent directories): .git
2025-12-07 19:25:02.110 [info] > git rev-parse --show-toplevel [4ms]
2025-12-07 19:25:02.110 [info] fatal: not a git repository (or any of the parent directories): .git
2025-12-07 19:25:02.548 [info] > git rev-parse --show-toplevel [3ms]
2025-12-07 19:25:02.548 [info] fatal: not a git repository (or any of the parent directories): .git
2025-12-07 19:25:03.020 [info] > git rev-parse --show-toplevel [3ms]
2025-12-07 19:25:03.020 [info] fatal: not a git repository (or any of the parent directories): .git
2025-12-07 19:25:04.341 [info] > git rev-parse --show-toplevel [2ms]
2025-12-07 19:25:04.341 [info] fatal: not a git repository (or any of the parent directories): .git
2025-12-07 19:25:18.459 [info] > git rev-parse --show-toplevel [2ms]
2025-12-07 19:25:18.459 [info] fatal: not a git repository (or any of the parent directories): .git
2025-12-07 19:38:37.695 [info] > git rev-parse --show-toplevel [5ms]
2025-12-07 19:38:37.695 [info] fatal: not a git repository (or any of the parent directories): .git
2025-12-07 19:38:38.812 [info] > git rev-parse --show-toplevel [3ms]
2025-12-07 19:38:38.812 [info] fatal: not a git repository (or any of the parent directories): .git
2025-12-07 19:42:59.854 [info] > git rev-parse --show-toplevel [4ms]
2025-12-07 19:42:59.854 [info] fatal: not a git repository (or any of the parent directories): .git
2025-12-07 19:43:43.334 [info] > git rev-parse --show-toplevel [1ms]
2025-12-07 19:43:43.335 [info] fatal: not a git repository (or any of the parent directories): .git
2025-12-07 19:48:59.447 [info] > git rev-parse --show-toplevel [4ms]
2025-12-07 19:48:59.447 [info] fatal: not a git repository (or any of the parent directories): .git
2025-12-07 19:49:00.478 [info] > git rev-parse --show-toplevel [3ms]
2025-12-07 19:49:00.478 [info] fatal: not a git repository (or any of the parent directories): .git
2025-12-07 20:28:43.023 [info] > git rev-parse --show-toplevel [2ms]
2025-12-07 20:28:43.023 [info] fatal: not a git repository (or any of the parent directories): .git
2025-12-07 20:28:44.060 [info] > git rev-parse --show-toplevel [2ms]
2025-12-07 20:28:44.060 [info] fatal: not a git repository (or any of the parent directories): .git
2025-12-07 20:28:51.966 [info] > git rev-parse --show-toplevel [1ms]
2025-12-07 20:28:51.966 [info] fatal: not a git repository (or any of the parent directories): .git
2025-12-07 20:32:47.033 [info] > git rev-parse --show-toplevel [2ms]
2025-12-07 20:32:47.033 [info] fatal: not a git repository (or any of the parent directories): .git
2025-12-07 20:32:58.117 [info] > git rev-parse --show-toplevel [2ms]
2025-12-07 20:32:58.117 [info] fatal: not a git repository (or any of the parent directories): .git
2025-12-07 20:35:57.048 [info] > git rev-parse --show-toplevel [2ms]
2025-12-07 20:35:57.049 [info] fatal: not a git repository (or any of the parent directories): .git
2025-12-07 20:38:26.949 [info] > git rev-parse --show-toplevel [3ms]
2025-12-07 20:38:26.949 [info] fatal: not a git repository (or any of the parent directories): .git
2025-12-07 20:38:27.559 [info] > git rev-parse --show-toplevel [2ms]
2025-12-07 20:38:27.559 [info] fatal: not a git repository (or any of the parent directories): .git
2025-12-07 20:38:28.191 [info] > git rev-parse --show-toplevel [2ms]
2025-12-07 20:38:28.191 [info] fatal: not a git repository (or any of the parent directories): .git
2025-12-07 20:38:29.051 [info] > git rev-parse --show-toplevel [1ms]
2025-12-07 20:38:29.051 [info] fatal: not a git repository (or any of the parent directories): .git
2025-12-07 20:41:36.660 [info] > git rev-parse --show-toplevel [2ms]
2025-12-07 20:41:36.660 [info] fatal: not a git repository (or any of the parent directories): .git
2025-12-07 20:41:36.672 [info] > git rev-parse --show-toplevel [2ms]
2025-12-07 20:41:36.672 [info] fatal: not a git repository (or any of the parent directories): .git
2025-12-07 20:41:36.684 [info] > git rev-parse --show-toplevel [1ms]
2025-12-07 20:41:36.684 [info] fatal: not a git repository (or any of the parent directories): .git
2025-12-07 20:50:56.212 [info] > git rev-parse --show-toplevel [2ms]
2025-12-07 20:50:56.212 [info] fatal: not a git repository (or any of the parent directories): .git
2025-12-07 20:50:56.223 [info] > git rev-parse --show-toplevel [1ms]
2025-12-07 20:50:56.223 [info] fatal: not a git repository (or any of the parent directories): .git
2025-12-07 20:50:56.236 [info] > git rev-parse --show-toplevel [2ms]
2025-12-07 20:50:56.236 [info] fatal: not a git repository (or any of the parent directories): .git
2025-12-07 20:50:56.251 [info] > git rev-parse --show-toplevel [2ms]
2025-12-07 20:50:56.251 [info] fatal: not a git repository (or any of the parent directories): .git
2025-12-07 20:50:56.264 [info] > git rev-parse --show-toplevel [2ms]
2025-12-07 20:50:56.264 [info] fatal: not a git repository (or any of the parent directories): .git
2025-12-07 20:50:56.276 [info] > git rev-parse --show-toplevel [2ms]
2025-12-07 20:50:56.276 [info] fatal: not a git repository (or any of the parent directories): .git
2025-12-07 20:51:11.306 [info] > git rev-parse --show-toplevel [1ms]
2025-12-07 20:51:11.306 [info] fatal: not a git repository (or any of the parent directories): .git
2025-12-07 20:51:11.321 [info] > git rev-parse --show-toplevel [2ms]
2025-12-07 20:51:11.321 [info] fatal: not a git repository (or any of the parent directories): .git
2025-12-07 20:51:11.338 [info] > git rev-parse --show-toplevel [3ms]
2025-12-07 20:51:11.338 [info] fatal: not a git repository (or any of the parent directories): .git
2025-12-07 20:51:11.352 [info] > git rev-parse --show-toplevel [2ms]
2025-12-07 20:51:11.352 [info] fatal: not a git repository (or any of the parent directories): .git
2025-12-07 20:51:11.366 [info] > git rev-parse --show-toplevel [3ms]
2025-12-07 20:51:11.366 [info] fatal: not a git repository (or any of the parent directories): .git
2025-12-07 20:51:11.379 [info] > git rev-parse --show-toplevel [1ms]
2025-12-07 20:51:11.379 [info] fatal: not a git repository (or any of the parent directories): .git
2025-12-07 20:54:14.037 [info] > git rev-parse --show-toplevel [3ms]
2025-12-07 20:54:14.037 [info] fatal: not a git repository (or any of the parent directories): .git
2025-12-07 20:54:49.280 [info] > git rev-parse --show-toplevel [4ms]
2025-12-07 20:54:49.280 [info] fatal: not a git repository (or any of the parent directories): .git
2025-12-07 20:57:06.954 [info] > git rev-parse --show-toplevel [3ms]
2025-12-07 20:57:06.954 [info] fatal: not a git repository (or any of the parent directories): .git
2025-12-07 21:03:09.179 [info] > git rev-parse --show-toplevel [2ms]
2025-12-07 21:03:09.179 [info] fatal: not a git repository (or any of the parent directories): .git
2025-12-07 21:03:17.994 [info] > git rev-parse --show-toplevel [3ms]
2025-12-07 21:03:17.994 [info] fatal: not a git repository (or any of the parent directories): .git
2025-12-07 21:03:20.142 [info] > git rev-parse --show-toplevel [1ms]
2025-12-07 21:03:20.143 [info] fatal: not a git repository (or any of the parent directories): .git
2025-12-07 21:03:22.170 [info] > git rev-parse --show-toplevel [2ms]
2025-12-07 21:03:22.170 [info] fatal: not a git repository (or any of the parent directories): .git
2025-12-07 21:03:46.335 [info] > git rev-parse --show-toplevel [2ms]
2025-12-07 21:03:46.335 [info] fatal: not a git repository (or any of the parent directories): .git
2025-12-07 21:03:55.970 [info] > git rev-parse --show-toplevel [3ms]
2025-12-07 21:03:55.970 [info] fatal: not a git repository (or any of the parent directories): .git
2025-12-07 21:04:00.445 [info] > git rev-parse --show-toplevel [4ms]
2025-12-07 21:04:00.445 [info] fatal: not a git repository (or any of the parent directories): .git
2025-12-07 21:04:11.030 [info] > git rev-parse --show-toplevel [2ms]
2025-12-07 21:04:11.031 [info] fatal: not a git repository (or any of the parent directories): .git
2025-12-07 21:08:00.212 [info] > git rev-parse --show-toplevel [2ms]
2025-12-07 21:08:00.212 [info] fatal: not a git repository (or any of the parent directories): .git
2025-12-07 21:08:05.159 [info] > git rev-parse --show-toplevel [2ms]
2025-12-07 21:08:05.159 [info] fatal: not a git repository (or any of the parent directories): .git
2025-12-07 21:08:26.692 [info] > git rev-parse --show-toplevel [3ms]
2025-12-07 21:08:26.692 [info] fatal: not a git repository (or any of the parent directories): .git
2025-12-07 21:08:54.561 [info] > git rev-parse --show-toplevel [3ms]
2025-12-07 21:08:54.561 [info] fatal: not a git repository (or any of the parent directories): .git
2025-12-07 21:11:12.104 [info] > git rev-parse --show-toplevel [2ms]
2025-12-07 21:11:12.104 [info] fatal: not a git repository (or any of the parent directories): .git
2025-12-07 21:11:40.967 [info] > git rev-parse --show-toplevel [5ms]
2025-12-07 21:11:40.967 [info] fatal: not a git repository (or any of the parent directories): .git
2025-12-07 21:11:54.313 [info] > git rev-parse --show-toplevel [2ms]
2025-12-07 21:11:54.313 [info] fatal: not a git repository (or any of the parent directories): .git
2025-12-07 21:11:56.519 [info] > git rev-parse --show-toplevel [3ms]
2025-12-07 21:11:56.519 [info] fatal: not a git repository (or any of the parent directories): .git
2025-12-07 21:14:22.440 [info] > git rev-parse --show-toplevel [4ms]
2025-12-07 21:14:22.440 [info] fatal: not a git repository (or any of the parent directories): .git
2025-12-07 21:14:42.085 [info] > git rev-parse --show-toplevel [2ms]
2025-12-07 21:14:42.085 [info] fatal: not a git repository (or any of the parent directories): .git
