2025-12-07 01:45:01.386 [info] [main] Log level: Info
2025-12-07 01:45:01.386 [info] [main] Validating found git in: "git"
2025-12-07 01:45:01.386 [info] [main] Using git "2.43.0" from "git"
2025-12-07 01:45:01.386 [info] [Model][doInitialScan] Initial repository scan started
2025-12-07 01:45:01.386 [info] > git rev-parse --show-toplevel [56ms]
2025-12-07 01:45:01.386 [info] fatal: not a git repository (or any of the parent directories): .git
2025-12-07 01:45:01.386 [info] > git rev-parse --show-toplevel [108ms]
2025-12-07 01:45:01.386 [info] fatal: not a git repository (or any of the parent directories): .git
2025-12-07 01:45:01.386 [info] > git rev-parse --show-toplevel [14ms]
2025-12-07 01:45:01.386 [info] fatal: not a git repository (or any of the parent directories): .git
2025-12-07 01:45:01.393 [info] > git rev-parse --show-toplevel [7ms]
2025-12-07 01:45:01.393 [info] fatal: not a git repository (or any of the parent directories): .git
2025-12-07 01:45:01.409 [info] > git rev-parse --show-toplevel [5ms]
2025-12-07 01:45:01.409 [info] fatal: not a git repository (or any of the parent directories): .git
2025-12-07 01:45:01.434 [info] > git rev-parse --show-toplevel [13ms]
2025-12-07 01:45:01.434 [info] fatal: not a git repository (or any of the parent directories): .git
2025-12-07 01:45:01.444 [info] > git rev-parse --show-toplevel [3ms]
2025-12-07 01:45:01.444 [info] fatal: not a git repository (or any of the parent directories): .git
2025-12-07 01:45:01.458 [info] > git rev-parse --show-toplevel [4ms]
2025-12-07 01:45:01.458 [info] fatal: not a git repository (or any of the parent directories): .git
2025-12-07 01:45:01.461 [info] [Model][doInitialScan] Initial repository scan completed - repositories (0), closed repositories (0), parent repositories (0), unsafe repositories (0)
2025-12-07 01:45:01.844 [info] > git rev-parse --show-toplevel [54ms]
2025-12-07 01:45:01.844 [info] fatal: not a git repository (or any of the parent directories): .git
