2025-12-08 13:15:45.750 [info] [main] Log level: Info
2025-12-08 13:15:45.750 [info] [main] Validating found git in: "git"
2025-12-08 13:15:45.750 [info] [main] Using git "2.43.0" from "git"
2025-12-08 13:15:45.750 [info] [Model][doInitialScan] Initial repository scan started
2025-12-08 13:15:45.750 [info] > git rev-parse --show-toplevel [83ms]
2025-12-08 13:15:45.750 [info] fatal: not a git repository (or any of the parent directories): .git
2025-12-08 13:15:45.750 [info] > git rev-parse --show-toplevel [38ms]
2025-12-08 13:15:45.750 [info] fatal: not a git repository (or any of the parent directories): .git
2025-12-08 13:15:45.750 [info] > git rev-parse --show-toplevel [13ms]
2025-12-08 13:15:45.750 [info] fatal: not a git repository (or any of the parent directories): .git
2025-12-08 13:15:45.752 [info] > git rev-parse --show-toplevel [26ms]
2025-12-08 13:15:45.752 [info] fatal: not a git repository (or any of the parent directories): .git
2025-12-08 13:15:45.763 [info] > git rev-parse --show-toplevel [3ms]
2025-12-08 13:15:45.763 [info] fatal: not a git repository (or any of the parent directories): .git
2025-12-08 13:15:45.774 [info] > git rev-parse --show-toplevel [2ms]
2025-12-08 13:15:45.774 [info] fatal: not a git repository (or any of the parent directories): .git
2025-12-08 13:15:45.880 [info] > git rev-parse --show-toplevel [98ms]
2025-12-08 13:15:45.880 [info] fatal: not a git repository (or any of the parent directories): .git
2025-12-08 13:15:45.895 [info] > git rev-parse --show-toplevel [4ms]
2025-12-08 13:15:45.895 [info] fatal: not a git repository (or any of the parent directories): .git
2025-12-08 13:15:45.897 [info] [Model][doInitialScan] Initial repository scan completed - repositories (0), closed repositories (0), parent repositories (0), unsafe repositories (0)
2025-12-08 13:15:45.916 [info] > git rev-parse --show-toplevel [11ms]
2025-12-08 13:15:45.917 [info] fatal: not a git repository (or any of the parent directories): .git
2025-12-08 13:15:46.188 [info] > git rev-parse --show-toplevel [58ms]
2025-12-08 13:15:46.188 [info] fatal: not a git repository (or any of the parent directories): .git
2025-12-08 13:16:53.743 [info] > git rev-parse --show-toplevel [6ms]
2025-12-08 13:16:53.743 [info] fatal: not a git repository (or any of the parent directories): .git
2025-12-08 13:17:00.427 [info] > git rev-parse --show-toplevel [3ms]
2025-12-08 13:17:00.427 [info] fatal: not a git repository (or any of the parent directories): .git
2025-12-08 13:18:58.272 [info] > git rev-parse --show-toplevel [1ms]
2025-12-08 13:18:58.272 [info] fatal: not a git repository (or any of the parent directories): .git
2025-12-08 13:20:39.781 [info] > git rev-parse --show-toplevel [1ms]
2025-12-08 13:20:39.781 [info] fatal: not a git repository (or any of the parent directories): .git
2025-12-08 13:20:40.309 [info] > git rev-parse --show-toplevel [2ms]
2025-12-08 13:20:40.309 [info] fatal: not a git repository (or any of the parent directories): .git
2025-12-08 13:20:41.107 [info] > git rev-parse --show-toplevel [3ms]
2025-12-08 13:20:41.107 [info] fatal: not a git repository (or any of the parent directories): .git
2025-12-08 13:20:42.056 [info] > git rev-parse --show-toplevel [1ms]
2025-12-08 13:20:42.056 [info] fatal: not a git repository (or any of the parent directories): .git
