2025-12-08 20:24:14.036 [info] Name: Black Formatter
2025-12-08 20:24:14.041 [info] Module: black
2025-12-08 20:24:14.041 [info] Default formatter is set to null for workspace /home/terry
2025-12-08 20:24:14.041 [warning] Black Formatter is NOT set as the default formatter for workspace /home/terry
2025-12-08 20:24:14.041 [warning] To set Black Formatter as the default formatter, add the following to your settings.json file:
2025-12-08 20:24:14.041 [warning] 
"[python]": {
    "editor.defaultFormatter": "ms-python.black-formatter"
}
2025-12-08 20:24:14.041 [info] Python extension loading
2025-12-08 20:24:14.041 [info] Waiting for interpreter from Python extension.
2025-12-08 20:24:15.504 [info] No interpreter found from setting black-formatter.interpreter
2025-12-08 20:24:15.504 [info] Getting interpreter from ms-python.python extension for workspace /home/terry
2025-12-08 20:24:15.506 [info] Python extension loaded
2025-12-08 20:24:16.199 [info] Interpreter from ms-python.python extension for /home/terry: /usr/bin/python3
2025-12-08 20:24:16.199 [info] Workspace settings for /home/terry (client side): {
    "cwd": "/home/terry",
    "workspace": "file:///home/terry",
    "args": [],
    "path": [],
    "interpreter": [
        "/usr/bin/python3"
    ],
    "importStrategy": "useBundled",
    "showNotifications": "off"
}
2025-12-08 20:24:16.199 [info] No interpreter found from setting black-formatter.interpreter
2025-12-08 20:24:16.199 [info] Getting interpreter from ms-python.python extension for workspace /home/terry
2025-12-08 20:24:16.203 [info] Interpreter from ms-python.python extension for /home/terry: /usr/bin/python3
2025-12-08 20:24:16.203 [info] Workspace settings for /home/terry (client side): {
    "cwd": "/home/terry",
    "workspace": "file:///home/terry",
    "args": [],
    "path": [],
    "interpreter": [
        "/usr/bin/python3"
    ],
    "importStrategy": "useBundled",
    "showNotifications": "off"
}
2025-12-08 20:24:16.214 [info] Global settings (client side): {
    "cwd": "/mnt/c/Users/nyter/AppData/Local/Programs/Microsoft VS Code",
    "workspace": "/mnt/c/Users/nyter/AppData/Local/Programs/Microsoft VS Code",
    "args": [],
    "path": [],
    "interpreter": [],
    "importStrategy": "useBundled",
    "showNotifications": "off"
}
2025-12-08 20:24:16.247 [info] Server run command: /usr/bin/python3 /home/terry/.vscode-server/extensions/ms-python.black-formatter-2025.2.0/bundled/tool/lsp_server.py
2025-12-08 20:24:16.254 [info] Server: Start requested.
2025-12-08 20:24:17.774 [info] CWD Server: /home/terry
2025-12-08 20:24:17.774 [info] Settings received on server:
[
    {
        "cwd": "/home/terry",
        "workspace": "file:///home/terry",
        "args": [],
        "path": [],
        "interpreter": [
            "/usr/bin/python3"
        ],
        "importStrategy": "useBundled",
        "showNotifications": "off"
    }
]

2025-12-08 20:24:17.774 [info] Global settings received on server:
{
    "cwd": "/mnt/c/Users/nyter/AppData/Local/Programs/Microsoft VS Code",
    "workspace": "/mnt/c/Users/nyter/AppData/Local/Programs/Microsoft VS Code",
    "args": [],
    "path": [],
    "interpreter": [],
    "importStrategy": "useBundled",
    "showNotifications": "off"
}

2025-12-08 20:24:17.774 [info] sys.path used to run Server:
   /home/terry/.vscode-server/extensions/ms-python.black-formatter-2025.2.0/bundled/libs
   /home/terry/.vscode-server/extensions/ms-python.black-formatter-2025.2.0/bundled/tool
   /usr/lib/python312.zip
   /usr/lib/python3.12
   /usr/lib/python3.12/lib-dynload
   /usr/local/lib/python3.12/dist-packages
   /usr/lib/python3/dist-packages
2025-12-08 20:24:17.777 [info] /usr/bin/python3 -m black --version
2025-12-08 20:24:17.777 [info] CWD formatter: /home/terry
2025-12-08 20:24:18.001 [info] Version info for formatter running for /home/terry:
black, 25.1.0 (compiled: no)
Python (CPython) 3.12.3

2025-12-08 20:24:18.002 [info] SUPPORTED black>=22.3.0
FOUND black==25.1.0

2025-12-08 20:24:30.046 [info] [Trace - 8:24:29 PM] Sending notification 'textDocument/didOpen'.
2025-12-08 20:24:38.879 [info] [Trace - 8:24:38 PM] Sending notification 'textDocument/didChange'.
2025-12-08 20:24:42.734 [info] [Trace - 8:24:42 PM] Sending notification 'textDocument/didChange'.
2025-12-08 20:24:46.066 [info] [Trace - 8:24:46 PM] Sending notification 'textDocument/didChange'.
2025-12-08 20:24:46.234 [info] [Trace - 8:24:46 PM] Sending notification 'textDocument/didChange'.
2025-12-08 20:24:46.375 [info] [Trace - 8:24:46 PM] Sending notification 'textDocument/didChange'.
2025-12-08 20:24:46.546 [info] [Trace - 8:24:46 PM] Sending notification 'textDocument/didChange'.
2025-12-08 20:24:46.684 [info] [Trace - 8:24:46 PM] Sending notification 'textDocument/didChange'.
2025-12-08 20:24:46.867 [info] [Trace - 8:24:46 PM] Sending notification 'textDocument/didChange'.
2025-12-08 20:24:53.056 [info] [Trace - 8:24:53 PM] Sending notification 'textDocument/didChange'.
2025-12-08 20:24:54.298 [info] [Trace - 8:24:54 PM] Sending notification 'textDocument/didChange'.
2025-12-08 20:24:54.649 [info] [Trace - 8:24:54 PM] Sending notification 'textDocument/didChange'.
2025-12-08 20:24:56.037 [info] [Trace - 8:24:56 PM] Sending notification 'textDocument/didChange'.
2025-12-08 20:24:56.370 [info] [Trace - 8:24:56 PM] Sending notification 'textDocument/didChange'.
2025-12-08 20:24:58.229 [info] [Trace - 8:24:58 PM] Sending notification 'textDocument/didChange'.
2025-12-08 20:25:05.907 [info] [Trace - 8:25:05 PM] Sending notification 'textDocument/didChange'.
2025-12-08 20:25:07.847 [info] [Trace - 8:25:07 PM] Sending notification 'textDocument/didChange'.
2025-12-08 20:25:18.437 [info] [Trace - 8:25:18 PM] Sending notification 'textDocument/didChange'.
2025-12-08 20:25:18.673 [info] [Trace - 8:25:18 PM] Sending notification 'textDocument/didChange'.
2025-12-08 20:25:18.760 [info] [Trace - 8:25:18 PM] Sending notification 'textDocument/didChange'.
2025-12-08 20:25:18.913 [info] [Trace - 8:25:18 PM] Sending notification 'textDocument/didChange'.
2025-12-08 20:25:19.032 [info] [Trace - 8:25:19 PM] Sending notification 'textDocument/didChange'.
2025-12-08 20:25:19.157 [info] [Trace - 8:25:19 PM] Sending notification 'textDocument/didChange'.
2025-12-08 20:25:19.221 [info] [Trace - 8:25:19 PM] Sending notification 'textDocument/didChange'.
2025-12-08 20:25:20.102 [info] [Trace - 8:25:20 PM] Sending notification 'textDocument/didChange'.
2025-12-08 20:25:20.809 [info] [Trace - 8:25:20 PM] Sending notification 'textDocument/didChange'.
2025-12-08 20:25:20.948 [info] [Trace - 8:25:20 PM] Sending notification 'textDocument/didChange'.
2025-12-08 20:25:21.050 [info] [Trace - 8:25:21 PM] Sending notification 'textDocument/didChange'.
2025-12-08 20:25:21.217 [info] [Trace - 8:25:21 PM] Sending notification 'textDocument/didChange'.
2025-12-08 20:25:21.383 [info] [Trace - 8:25:21 PM] Sending notification 'textDocument/didChange'.
2025-12-08 20:25:21.530 [info] [Trace - 8:25:21 PM] Sending notification 'textDocument/didChange'.
2025-12-08 20:25:21.690 [info] [Trace - 8:25:21 PM] Sending notification 'textDocument/didChange'.
2025-12-08 20:25:21.862 [info] [Trace - 8:25:21 PM] Sending notification 'textDocument/didChange'.
2025-12-08 20:25:21.862 [info] [Trace - 8:25:21 PM] Sending notification 'textDocument/didChange'.
2025-12-08 20:25:22.364 [info] [Trace - 8:25:22 PM] Sending notification 'textDocument/didChange'.
2025-12-08 20:25:22.537 [info] [Trace - 8:25:22 PM] Sending notification 'textDocument/didChange'.
2025-12-08 20:25:23.170 [info] [Trace - 8:25:23 PM] Sending notification 'textDocument/didChange'.
2025-12-08 20:25:23.245 [info] [Trace - 8:25:23 PM] Sending notification 'textDocument/didChange'.
2025-12-08 20:25:23.309 [info] [Trace - 8:25:23 PM] Sending notification 'textDocument/didChange'.
2025-12-08 20:25:23.615 [info] [Trace - 8:25:23 PM] Sending notification 'textDocument/didChange'.
2025-12-08 20:25:23.930 [info] [Trace - 8:25:23 PM] Sending notification 'textDocument/didChange'.
2025-12-08 20:25:24.164 [info] [Trace - 8:25:24 PM] Sending notification 'textDocument/didChange'.
2025-12-08 20:25:24.234 [info] [Trace - 8:25:24 PM] Sending notification 'textDocument/didChange'.
2025-12-08 20:25:24.346 [info] [Trace - 8:25:24 PM] Sending notification 'textDocument/didChange'.
2025-12-08 20:25:24.546 [info] [Trace - 8:25:24 PM] Sending notification 'textDocument/didChange'.
2025-12-08 20:25:24.609 [info] [Trace - 8:25:24 PM] Sending notification 'textDocument/didChange'.
2025-12-08 20:25:24.816 [info] [Trace - 8:25:24 PM] Sending notification 'textDocument/didChange'.
2025-12-08 20:25:24.941 [info] [Trace - 8:25:24 PM] Sending notification 'textDocument/didChange'.
2025-12-08 20:25:25.277 [info] [Trace - 8:25:25 PM] Sending notification 'textDocument/didChange'.
2025-12-08 20:25:26.220 [info] [Trace - 8:25:26 PM] Sending notification 'textDocument/didChange'.
2025-12-08 20:25:29.169 [info] [Trace - 8:25:29 PM] Sending notification 'textDocument/didChange'.
2025-12-08 20:25:29.473 [info] [Trace - 8:25:29 PM] Sending notification 'textDocument/didChange'.
2025-12-08 20:25:29.575 [info] [Trace - 8:25:29 PM] Sending notification 'textDocument/didChange'.
2025-12-08 20:25:29.666 [info] [Trace - 8:25:29 PM] Sending notification 'textDocument/didChange'.
2025-12-08 20:25:29.784 [info] [Trace - 8:25:29 PM] Sending notification 'textDocument/didChange'.
2025-12-08 20:25:29.849 [info] [Trace - 8:25:29 PM] Sending notification 'textDocument/didChange'.
2025-12-08 20:25:31.423 [info] [Trace - 8:25:31 PM] Sending notification 'textDocument/didChange'.
2025-12-08 20:25:31.489 [info] [Trace - 8:25:31 PM] Sending notification 'textDocument/didChange'.
2025-12-08 20:25:31.611 [info] [Trace - 8:25:31 PM] Sending notification 'textDocument/didChange'.
2025-12-08 20:25:31.733 [info] [Trace - 8:25:31 PM] Sending notification 'textDocument/didChange'.
2025-12-08 20:25:31.824 [info] [Trace - 8:25:31 PM] Sending notification 'textDocument/didChange'.
2025-12-08 20:25:31.893 [info] [Trace - 8:25:31 PM] Sending notification 'textDocument/didChange'.
2025-12-08 20:25:32.532 [info] [Trace - 8:25:32 PM] Sending notification 'textDocument/didChange'.
2025-12-08 20:25:32.654 [info] [Trace - 8:25:32 PM] Sending notification 'textDocument/didChange'.
2025-12-08 20:25:32.806 [info] [Trace - 8:25:32 PM] Sending notification 'textDocument/didChange'.
2025-12-08 20:25:32.946 [info] [Trace - 8:25:32 PM] Sending notification 'textDocument/didChange'.
2025-12-08 20:25:33.088 [info] [Trace - 8:25:33 PM] Sending notification 'textDocument/didChange'.
2025-12-08 20:25:33.236 [info] [Trace - 8:25:33 PM] Sending notification 'textDocument/didChange'.
2025-12-08 20:25:33.509 [info] [Trace - 8:25:33 PM] Sending notification 'textDocument/didChange'.
2025-12-08 20:25:33.597 [info] [Trace - 8:25:33 PM] Sending notification 'textDocument/didChange'.
2025-12-08 20:25:33.736 [info] [Trace - 8:25:33 PM] Sending notification 'textDocument/didChange'.
2025-12-08 20:25:33.855 [info] [Trace - 8:25:33 PM] Sending notification 'textDocument/didChange'.
2025-12-08 20:25:33.960 [info] [Trace - 8:25:33 PM] Sending notification 'textDocument/didChange'.
2025-12-08 20:25:34.031 [info] [Trace - 8:25:34 PM] Sending notification 'textDocument/didChange'.
2025-12-08 20:25:34.637 [info] [Trace - 8:25:34 PM] Sending notification 'textDocument/didChange'.
2025-12-08 20:25:34.833 [info] [Trace - 8:25:34 PM] Sending notification 'textDocument/didChange'.
2025-12-08 20:25:34.904 [info] [Trace - 8:25:34 PM] Sending notification 'textDocument/didChange'.
2025-12-08 20:25:35.013 [info] [Trace - 8:25:35 PM] Sending notification 'textDocument/didChange'.
2025-12-08 20:25:35.198 [info] [Trace - 8:25:35 PM] Sending notification 'textDocument/didChange'.
2025-12-08 20:25:35.262 [info] [Trace - 8:25:35 PM] Sending notification 'textDocument/didChange'.
2025-12-08 20:25:35.389 [info] [Trace - 8:25:35 PM] Sending notification 'textDocument/didChange'.
2025-12-08 20:25:35.480 [info] [Trace - 8:25:35 PM] Sending notification 'textDocument/didChange'.
2025-12-08 20:25:40.906 [info] [Trace - 8:25:40 PM] Sending notification 'textDocument/didChange'.
2025-12-08 20:25:41.091 [info] [Trace - 8:25:41 PM] Sending notification 'textDocument/didChange'.
2025-12-08 20:25:41.903 [info] [Trace - 8:25:41 PM] Sending notification 'textDocument/didChange'.
2025-12-08 20:25:45.526 [info] [Trace - 8:25:45 PM] Sending notification 'textDocument/didChange'.
2025-12-08 20:25:45.673 [info] [Trace - 8:25:45 PM] Sending notification 'textDocument/didChange'.
2025-12-08 20:25:47.801 [info] [Trace - 8:25:47 PM] Sending notification 'textDocument/didChange'.
2025-12-08 20:25:47.908 [info] [Trace - 8:25:47 PM] Sending notification 'textDocument/didChange'.
2025-12-08 20:25:49.518 [info] [Trace - 8:25:49 PM] Sending notification 'textDocument/didChange'.
2025-12-08 20:25:49.685 [info] [Trace - 8:25:49 PM] Sending notification 'textDocument/didChange'.
2025-12-08 20:25:49.840 [info] [Trace - 8:25:49 PM] Sending notification 'textDocument/didChange'.
2025-12-08 20:25:49.953 [info] [Trace - 8:25:49 PM] Sending notification 'textDocument/didChange'.
2025-12-08 20:25:50.096 [info] [Trace - 8:25:50 PM] Sending notification 'textDocument/didChange'.
2025-12-08 20:25:50.140 [info] [Trace - 8:25:50 PM] Sending notification 'textDocument/didChange'.
2025-12-08 20:25:50.397 [info] [Trace - 8:25:50 PM] Sending notification 'textDocument/didChange'.
2025-12-08 20:25:53.135 [info] [Trace - 8:25:53 PM] Sending notification 'textDocument/didChange'.
2025-12-08 20:25:55.385 [info] [Trace - 8:25:55 PM] Sending notification 'textDocument/didChange'.
2025-12-08 20:25:55.618 [info] [Trace - 8:25:55 PM] Sending notification 'textDocument/didChange'.
2025-12-08 20:25:55.969 [info] [Trace - 8:25:55 PM] Sending notification 'textDocument/didChange'.
2025-12-08 20:25:56.477 [info] [Trace - 8:25:56 PM] Sending notification 'textDocument/didChange'.
2025-12-08 20:25:56.537 [info] [Trace - 8:25:56 PM] Sending notification 'textDocument/didChange'.
2025-12-08 20:25:56.546 [info] [Trace - 8:25:56 PM] Sending notification 'textDocument/didChange'.
2025-12-08 20:25:56.583 [info] [Trace - 8:25:56 PM] Sending notification 'textDocument/didChange'.
2025-12-08 20:25:56.605 [info] [Trace - 8:25:56 PM] Sending notification 'textDocument/didChange'.
2025-12-08 20:25:56.657 [info] [Trace - 8:25:56 PM] Sending notification 'textDocument/didChange'.
2025-12-08 20:25:56.712 [info] [Trace - 8:25:56 PM] Sending notification 'textDocument/didChange'.
2025-12-08 20:25:56.714 [info] [Trace - 8:25:56 PM] Sending notification 'textDocument/didChange'.
2025-12-08 20:25:56.773 [info] [Trace - 8:25:56 PM] Sending notification 'textDocument/didChange'.
2025-12-08 20:25:56.775 [info] [Trace - 8:25:56 PM] Sending notification 'textDocument/didChange'.
2025-12-08 20:25:56.804 [info] [Trace - 8:25:56 PM] Sending notification 'textDocument/didChange'.
2025-12-08 20:25:57.567 [info] [Trace - 8:25:57 PM] Sending notification 'textDocument/didChange'.
2025-12-08 20:25:57.764 [info] [Trace - 8:25:57 PM] Sending notification 'textDocument/didChange'.
2025-12-08 20:25:57.943 [info] [Trace - 8:25:57 PM] Sending notification 'textDocument/didChange'.
2025-12-08 20:25:58.497 [info] [Trace - 8:25:58 PM] Sending notification 'textDocument/didChange'.
2025-12-08 20:25:58.658 [info] [Trace - 8:25:58 PM] Sending notification 'textDocument/didChange'.
2025-12-08 20:25:58.681 [info] [Trace - 8:25:58 PM] Sending notification 'textDocument/didChange'.
2025-12-08 20:25:58.812 [info] [Trace - 8:25:58 PM] Sending notification 'textDocument/didChange'.
2025-12-08 20:25:58.887 [info] [Trace - 8:25:58 PM] Sending notification 'textDocument/didChange'.
2025-12-08 20:25:59.004 [info] [Trace - 8:25:59 PM] Sending notification 'textDocument/didChange'.
2025-12-08 20:25:59.178 [info] [Trace - 8:25:59 PM] Sending notification 'textDocument/didChange'.
2025-12-08 20:25:59.833 [info] [Trace - 8:25:59 PM] Sending notification 'textDocument/didChange'.
2025-12-08 20:26:00.150 [info] [Trace - 8:26:00 PM] Sending notification 'textDocument/didChange'.
2025-12-08 20:26:01.449 [info] [Trace - 8:26:01 PM] Sending notification 'textDocument/didChange'.
2025-12-08 20:26:01.601 [info] [Trace - 8:26:01 PM] Sending notification 'textDocument/didChange'.
2025-12-08 20:26:02.519 [info] [Trace - 8:26:02 PM] Sending notification 'textDocument/didChange'.
2025-12-08 20:26:02.590 [info] [Trace - 8:26:02 PM] Sending notification 'textDocument/didChange'.
2025-12-08 20:26:02.811 [info] [Trace - 8:26:02 PM] Sending notification 'textDocument/didChange'.
2025-12-08 20:26:02.945 [info] [Trace - 8:26:02 PM] Sending notification 'textDocument/didChange'.
2025-12-08 20:26:03.081 [info] [Trace - 8:26:03 PM] Sending notification 'textDocument/didChange'.
2025-12-08 20:26:03.167 [info] [Trace - 8:26:03 PM] Sending notification 'textDocument/didChange'.
2025-12-08 20:26:03.256 [info] [Trace - 8:26:03 PM] Sending notification 'textDocument/didChange'.
2025-12-08 20:26:03.964 [info] [Trace - 8:26:03 PM] Sending notification 'textDocument/didChange'.
2025-12-08 20:26:04.273 [info] [Trace - 8:26:04 PM] Sending notification 'textDocument/didChange'.
2025-12-08 20:26:05.354 [info] [Trace - 8:26:05 PM] Sending notification 'textDocument/didChange'.
2025-12-08 20:26:05.560 [info] [Trace - 8:26:05 PM] Sending notification 'textDocument/didChange'.
2025-12-08 20:26:06.410 [info] [Trace - 8:26:06 PM] Sending notification 'textDocument/didChange'.
2025-12-08 20:26:06.520 [info] [Trace - 8:26:06 PM] Sending notification 'textDocument/didChange'.
2025-12-08 20:26:06.598 [info] [Trace - 8:26:06 PM] Sending notification 'textDocument/didChange'.
2025-12-08 20:26:06.718 [info] [Trace - 8:26:06 PM] Sending notification 'textDocument/didChange'.
2025-12-08 20:26:06.864 [info] [Trace - 8:26:06 PM] Sending notification 'textDocument/didChange'.
2025-12-08 20:26:06.993 [info] [Trace - 8:26:06 PM] Sending notification 'textDocument/didChange'.
2025-12-08 20:26:07.104 [info] [Trace - 8:26:07 PM] Sending notification 'textDocument/didChange'.
2025-12-08 20:26:07.539 [info] [Trace - 8:26:07 PM] Sending notification 'textDocument/didChange'.
2025-12-08 20:26:07.687 [info] [Trace - 8:26:07 PM] Sending notification 'textDocument/didChange'.
2025-12-08 20:26:07.800 [info] [Trace - 8:26:07 PM] Sending notification 'textDocument/didChange'.
2025-12-08 20:26:07.924 [info] [Trace - 8:26:07 PM] Sending notification 'textDocument/didChange'.
2025-12-08 20:26:08.757 [info] [Trace - 8:26:08 PM] Sending notification 'textDocument/didChange'.
2025-12-08 20:26:09.113 [info] [Trace - 8:26:09 PM] Sending notification 'textDocument/didChange'.
2025-12-08 20:26:10.330 [info] [Trace - 8:26:10 PM] Sending notification 'textDocument/didChange'.
2025-12-08 20:26:10.551 [info] [Trace - 8:26:10 PM] Sending notification 'textDocument/didChange'.
2025-12-08 20:26:11.411 [info] [Trace - 8:26:11 PM] Sending notification 'textDocument/didChange'.
2025-12-08 20:26:11.580 [info] [Trace - 8:26:11 PM] Sending notification 'textDocument/didChange'.
2025-12-08 20:26:11.752 [info] [Trace - 8:26:11 PM] Sending notification 'textDocument/didChange'.
2025-12-08 20:26:11.976 [info] [Trace - 8:26:11 PM] Sending notification 'textDocument/didChange'.
2025-12-08 20:26:12.044 [info] [Trace - 8:26:12 PM] Sending notification 'textDocument/didChange'.
2025-12-08 20:26:12.231 [info] [Trace - 8:26:12 PM] Sending notification 'textDocument/didChange'.
2025-12-08 20:26:12.299 [info] [Trace - 8:26:12 PM] Sending notification 'textDocument/didChange'.
2025-12-08 20:26:12.454 [info] [Trace - 8:26:12 PM] Sending notification 'textDocument/didChange'.
2025-12-08 20:26:13.113 [info] [Trace - 8:26:13 PM] Sending notification 'textDocument/didChange'.
2025-12-08 20:26:13.632 [info] [Trace - 8:26:13 PM] Sending notification 'textDocument/didChange'.
2025-12-08 20:26:17.663 [info] [Trace - 8:26:17 PM] Sending notification 'textDocument/didChange'.
2025-12-08 20:26:17.851 [info] [Trace - 8:26:17 PM] Sending notification 'textDocument/didChange'.
2025-12-08 20:26:18.436 [info] [Trace - 8:26:18 PM] Sending notification 'textDocument/didChange'.
2025-12-08 20:26:18.558 [info] [Trace - 8:26:18 PM] Sending notification 'textDocument/didChange'.
2025-12-08 20:26:18.681 [info] [Trace - 8:26:18 PM] Sending notification 'textDocument/didChange'.
2025-12-08 20:26:18.787 [info] [Trace - 8:26:18 PM] Sending notification 'textDocument/didChange'.
2025-12-08 20:26:18.890 [info] [Trace - 8:26:18 PM] Sending notification 'textDocument/didChange'.
2025-12-08 20:26:19.064 [info] [Trace - 8:26:19 PM] Sending notification 'textDocument/didChange'.
2025-12-08 20:26:19.717 [info] [Trace - 8:26:19 PM] Sending notification 'textDocument/didChange'.
2025-12-08 20:26:21.194 [info] [Trace - 8:26:21 PM] Sending notification 'textDocument/didChange'.
2025-12-08 20:26:21.422 [info] [Trace - 8:26:21 PM] Sending notification 'textDocument/didChange'.
2025-12-08 20:26:21.575 [info] [Trace - 8:26:21 PM] Sending notification 'textDocument/didChange'.
2025-12-08 20:26:21.659 [info] [Trace - 8:26:21 PM] Sending notification 'textDocument/didChange'.
2025-12-08 20:26:21.738 [info] [Trace - 8:26:21 PM] Sending notification 'textDocument/didChange'.
2025-12-08 20:26:24.951 [info] [Trace - 8:26:24 PM] Sending notification 'textDocument/didChange'.
2025-12-08 20:26:25.364 [info] [Trace - 8:26:25 PM] Sending notification 'textDocument/didChange'.
2025-12-08 20:26:26.713 [info] [Trace - 8:26:26 PM] Sending notification 'textDocument/didChange'.
2025-12-08 20:26:26.884 [info] [Trace - 8:26:26 PM] Sending notification 'textDocument/didChange'.
2025-12-08 20:26:27.573 [info] [Trace - 8:26:27 PM] Sending notification 'textDocument/didChange'.
2025-12-08 20:26:28.192 [info] [Trace - 8:26:28 PM] Sending notification 'textDocument/didChange'.
2025-12-08 20:26:28.264 [info] [Trace - 8:26:28 PM] Sending notification 'textDocument/didChange'.
2025-12-08 20:26:28.381 [info] [Trace - 8:26:28 PM] Sending notification 'textDocument/didChange'.
2025-12-08 20:26:28.464 [info] [Trace - 8:26:28 PM] Sending notification 'textDocument/didChange'.
2025-12-08 20:26:28.568 [info] [Trace - 8:26:28 PM] Sending notification 'textDocument/didChange'.
2025-12-08 20:26:28.874 [info] [Trace - 8:26:28 PM] Sending notification 'textDocument/didChange'.
2025-12-08 20:26:29.449 [info] [Trace - 8:26:29 PM] Sending notification 'textDocument/didChange'.
2025-12-08 20:26:29.818 [info] [Trace - 8:26:29 PM] Sending notification 'textDocument/didChange'.
2025-12-08 20:26:29.934 [info] [Trace - 8:26:29 PM] Sending notification 'textDocument/didChange'.
2025-12-08 20:26:30.523 [info] [Trace - 8:26:30 PM] Sending notification 'textDocument/didChange'.
2025-12-08 20:26:30.760 [info] [Trace - 8:26:30 PM] Sending notification 'textDocument/didChange'.
2025-12-08 20:26:30.760 [info] [Trace - 8:26:30 PM] Sending notification 'textDocument/didChange'.
2025-12-08 20:26:31.495 [info] [Trace - 8:26:31 PM] Sending notification 'textDocument/didChange'.
2025-12-08 20:26:31.608 [info] [Trace - 8:26:31 PM] Sending notification 'textDocument/didChange'.
2025-12-08 20:26:31.728 [info] [Trace - 8:26:31 PM] Sending notification 'textDocument/didChange'.
2025-12-08 20:26:32.309 [info] [Trace - 8:26:32 PM] Sending notification 'textDocument/didChange'.
2025-12-08 20:26:32.615 [info] [Trace - 8:26:32 PM] Sending notification 'textDocument/didChange'.
2025-12-08 20:26:34.715 [info] [Trace - 8:26:34 PM] Sending notification 'textDocument/didChange'.
2025-12-08 20:26:34.886 [info] [Trace - 8:26:34 PM] Sending notification 'textDocument/didChange'.
2025-12-08 20:26:35.107 [info] [Trace - 8:26:35 PM] Sending notification 'textDocument/didChange'.
2025-12-08 20:26:35.216 [info] [Trace - 8:26:35 PM] Sending notification 'textDocument/didChange'.
2025-12-08 20:26:35.328 [info] [Trace - 8:26:35 PM] Sending notification 'textDocument/didChange'.
2025-12-08 20:26:35.409 [info] [Trace - 8:26:35 PM] Sending notification 'textDocument/didChange'.
2025-12-08 20:26:35.409 [info] [Trace - 8:26:35 PM] Sending notification 'textDocument/didChange'.
2025-12-08 20:26:36.308 [info] [Trace - 8:26:36 PM] Sending notification 'textDocument/didChange'.
2025-12-08 20:26:37.113 [info] [Trace - 8:26:37 PM] Sending notification 'textDocument/didChange'.
2025-12-08 20:26:37.252 [info] [Trace - 8:26:37 PM] Sending notification 'textDocument/didChange'.
2025-12-08 20:26:37.312 [info] [Trace - 8:26:37 PM] Sending notification 'textDocument/didChange'.
2025-12-08 20:26:37.420 [info] [Trace - 8:26:37 PM] Sending notification 'textDocument/didChange'.
2025-12-08 20:26:37.592 [info] [Trace - 8:26:37 PM] Sending notification 'textDocument/didChange'.
2025-12-08 20:26:37.704 [info] [Trace - 8:26:37 PM] Sending notification 'textDocument/didChange'.
2025-12-08 20:26:37.738 [info] [Trace - 8:26:37 PM] Sending notification 'textDocument/didChange'.
2025-12-08 20:26:38.887 [info] [Trace - 8:26:38 PM] Sending notification 'textDocument/didChange'.
2025-12-08 20:26:39.203 [info] [Trace - 8:26:39 PM] Sending notification 'textDocument/didChange'.
2025-12-08 20:26:43.254 [info] [Trace - 8:26:43 PM] Sending notification 'textDocument/didChange'.
2025-12-08 20:26:43.312 [info] [Trace - 8:26:43 PM] Sending notification 'textDocument/didChange'.
2025-12-08 20:26:43.515 [info] [Trace - 8:26:43 PM] Sending notification 'textDocument/didChange'.
2025-12-08 20:26:43.864 [info] [Trace - 8:26:43 PM] Sending notification 'textDocument/didChange'.
2025-12-08 20:26:43.959 [info] [Trace - 8:26:43 PM] Sending notification 'textDocument/didChange'.
2025-12-08 20:26:44.133 [info] [Trace - 8:26:44 PM] Sending notification 'textDocument/didChange'.
2025-12-08 20:26:44.286 [info] [Trace - 8:26:44 PM] Sending notification 'textDocument/didChange'.
2025-12-08 20:26:44.390 [info] [Trace - 8:26:44 PM] Sending notification 'textDocument/didChange'.
2025-12-08 20:26:44.526 [info] [Trace - 8:26:44 PM] Sending notification 'textDocument/didChange'.
2025-12-08 20:26:45.002 [info] [Trace - 8:26:45 PM] Sending notification 'textDocument/didChange'.
2025-12-08 20:26:45.067 [info] [Trace - 8:26:45 PM] Sending notification 'textDocument/didChange'.
2025-12-08 20:26:45.174 [info] [Trace - 8:26:45 PM] Sending notification 'textDocument/didChange'.
2025-12-08 20:26:45.318 [info] [Trace - 8:26:45 PM] Sending notification 'textDocument/didChange'.
2025-12-08 20:26:45.383 [info] [Trace - 8:26:45 PM] Sending notification 'textDocument/didChange'.
2025-12-08 20:26:45.671 [info] [Trace - 8:26:45 PM] Sending notification 'textDocument/didChange'.
2025-12-08 20:26:45.802 [info] [Trace - 8:26:45 PM] Sending notification 'textDocument/didChange'.
2025-12-08 20:26:45.906 [info] [Trace - 8:26:45 PM] Sending notification 'textDocument/didChange'.
2025-12-08 20:26:45.986 [info] [Trace - 8:26:45 PM] Sending notification 'textDocument/didChange'.
2025-12-08 20:26:46.647 [info] [Trace - 8:26:46 PM] Sending notification 'textDocument/didChange'.
2025-12-08 20:26:49.196 [info] [Trace - 8:26:49 PM] Sending notification 'textDocument/didChange'.
2025-12-08 20:26:49.348 [info] [Trace - 8:26:49 PM] Sending notification 'textDocument/didChange'.
2025-12-08 20:26:49.436 [info] [Trace - 8:26:49 PM] Sending notification 'textDocument/didChange'.
2025-12-08 20:26:49.564 [info] [Trace - 8:26:49 PM] Sending notification 'textDocument/didChange'.
2025-12-08 20:26:49.615 [info] [Trace - 8:26:49 PM] Sending notification 'textDocument/didChange'.
2025-12-08 20:30:46.085 [info] [Trace - 8:30:46 PM] Sending notification 'textDocument/didChange'.
2025-12-08 20:30:51.827 [info] [Trace - 8:30:51 PM] Sending notification 'textDocument/didChange'.
2025-12-08 20:30:51.934 [info] [Trace - 8:30:51 PM] Sending notification 'textDocument/didChange'.
2025-12-08 20:30:52.113 [info] [Trace - 8:30:52 PM] Sending notification 'textDocument/didChange'.
2025-12-08 20:30:59.305 [info] [Trace - 8:30:59 PM] Sending notification 'textDocument/didChange'.
2025-12-08 20:31:07.877 [info] [Trace - 8:31:07 PM] Sending notification 'textDocument/didChange'.
2025-12-08 20:31:11.886 [info] [Trace - 8:31:11 PM] Sending notification 'textDocument/didChange'.
2025-12-08 20:31:11.901 [info] [Trace - 8:31:11 PM] Sending notification 'textDocument/didChange'.
2025-12-08 20:31:14.461 [info] [Trace - 8:31:14 PM] Sending notification 'textDocument/didChange'.
2025-12-08 20:31:14.618 [info] [Trace - 8:31:14 PM] Sending notification 'textDocument/didChange'.
2025-12-08 20:31:14.753 [info] [Trace - 8:31:14 PM] Sending notification 'textDocument/didChange'.
2025-12-08 20:31:14.946 [info] [Trace - 8:31:14 PM] Sending notification 'textDocument/didChange'.
2025-12-08 20:31:15.054 [info] [Trace - 8:31:15 PM] Sending notification 'textDocument/didChange'.
2025-12-08 20:31:15.110 [info] [Trace - 8:31:15 PM] Sending notification 'textDocument/didChange'.
2025-12-08 20:31:15.222 [info] [Trace - 8:31:15 PM] Sending notification 'textDocument/didChange'.
2025-12-08 20:31:15.693 [info] [Trace - 8:31:15 PM] Sending notification 'textDocument/didChange'.
2025-12-08 20:31:17.622 [info] [Trace - 8:31:17 PM] Sending notification 'textDocument/didChange'.
2025-12-08 20:31:17.664 [info] [Trace - 8:31:17 PM] Sending notification 'textDocument/didChange'.
2025-12-08 20:31:17.790 [info] [Trace - 8:31:17 PM] Sending notification 'textDocument/didChange'.
2025-12-08 20:31:17.874 [info] [Trace - 8:31:17 PM] Sending notification 'textDocument/didChange'.
2025-12-08 20:31:18.270 [info] [Trace - 8:31:18 PM] Sending notification 'textDocument/didChange'.
2025-12-08 20:31:18.338 [info] [Trace - 8:31:18 PM] Sending notification 'textDocument/didChange'.
2025-12-08 20:31:18.469 [info] [Trace - 8:31:18 PM] Sending notification 'textDocument/didChange'.
2025-12-08 20:31:18.638 [info] [Trace - 8:31:18 PM] Sending notification 'textDocument/didChange'.
2025-12-08 20:31:22.929 [info] [Trace - 8:31:22 PM] Sending notification 'textDocument/didChange'.
2025-12-08 20:31:23.278 [info] [Trace - 8:31:23 PM] Sending notification 'textDocument/didChange'.
2025-12-08 20:31:24.629 [info] [Trace - 8:31:24 PM] Sending notification 'textDocument/didChange'.
2025-12-08 20:31:24.803 [info] [Trace - 8:31:24 PM] Sending notification 'textDocument/didChange'.
2025-12-08 20:31:24.818 [info] [Trace - 8:31:24 PM] Sending notification 'textDocument/didChange'.
2025-12-08 20:31:25.754 [info] [Trace - 8:31:25 PM] Sending notification 'textDocument/didChange'.
2025-12-08 20:31:25.866 [info] [Trace - 8:31:25 PM] Sending notification 'textDocument/didChange'.
2025-12-08 20:31:25.986 [info] [Trace - 8:31:25 PM] Sending notification 'textDocument/didChange'.
2025-12-08 20:31:26.247 [info] [Trace - 8:31:26 PM] Sending notification 'textDocument/didChange'.
2025-12-08 20:31:26.387 [info] [Trace - 8:31:26 PM] Sending notification 'textDocument/didChange'.
2025-12-08 20:31:26.457 [info] [Trace - 8:31:26 PM] Sending notification 'textDocument/didChange'.
2025-12-08 20:31:27.260 [info] [Trace - 8:31:27 PM] Sending notification 'textDocument/didChange'.
2025-12-08 20:31:27.705 [info] [Trace - 8:31:27 PM] Sending notification 'textDocument/didChange'.
2025-12-08 20:31:28.086 [info] [Trace - 8:31:28 PM] Sending notification 'textDocument/didChange'.
2025-12-08 20:31:29.425 [info] [Trace - 8:31:29 PM] Sending notification 'textDocument/didChange'.
2025-12-08 20:31:30.421 [info] [Trace - 8:31:30 PM] Sending notification 'textDocument/didChange'.
2025-12-08 20:31:30.667 [info] [Trace - 8:31:30 PM] Sending notification 'textDocument/didChange'.
2025-12-08 20:31:31.070 [info] [Trace - 8:31:31 PM] Sending notification 'textDocument/didChange'.
2025-12-08 20:31:31.290 [info] [Trace - 8:31:31 PM] Sending notification 'textDocument/didChange'.
2025-12-08 20:31:31.430 [info] [Trace - 8:31:31 PM] Sending notification 'textDocument/didChange'.
2025-12-08 20:31:31.519 [info] [Trace - 8:31:31 PM] Sending notification 'textDocument/didChange'.
2025-12-08 20:31:32.236 [info] [Trace - 8:31:32 PM] Sending notification 'textDocument/didChange'.
2025-12-08 20:31:32.520 [info] [Trace - 8:31:32 PM] Sending notification 'textDocument/didChange'.
2025-12-08 20:31:39.502 [info] [Trace - 8:31:39 PM] Sending notification 'textDocument/didChange'.
2025-12-08 20:31:39.676 [info] [Trace - 8:31:39 PM] Sending notification 'textDocument/didChange'.
2025-12-08 20:31:39.931 [info] [Trace - 8:31:39 PM] Sending notification 'textDocument/didChange'.
2025-12-08 20:31:40.420 [info] [Trace - 8:31:40 PM] Sending notification 'textDocument/didChange'.
2025-12-08 20:31:41.030 [info] [Trace - 8:31:41 PM] Sending notification 'textDocument/didChange'.
2025-12-08 20:31:41.333 [info] [Trace - 8:31:41 PM] Sending notification 'textDocument/didChange'.
2025-12-08 20:31:41.742 [info] [Trace - 8:31:41 PM] Sending notification 'textDocument/didChange'.
2025-12-08 20:32:18.406 [info] [Trace - 8:32:18 PM] Sending notification 'textDocument/didChange'.
2025-12-08 20:32:24.623 [info] [Trace - 8:32:24 PM] Sending notification 'textDocument/didChange'.
2025-12-08 20:32:28.484 [info] [Trace - 8:32:28 PM] Sending notification 'textDocument/didChange'.
2025-12-08 20:32:28.668 [info] [Trace - 8:32:28 PM] Sending notification 'textDocument/didChange'.
2025-12-08 20:32:28.821 [info] [Trace - 8:32:28 PM] Sending notification 'textDocument/didChange'.
2025-12-08 20:32:28.941 [info] [Trace - 8:32:28 PM] Sending notification 'textDocument/didChange'.
2025-12-08 20:32:38.323 [info] [Trace - 8:32:38 PM] Sending notification 'textDocument/didChange'.
2025-12-08 20:32:43.192 [info] [Trace - 8:32:43 PM] Sending notification 'textDocument/didChange'.
2025-12-08 20:32:45.105 [info] [Trace - 8:32:45 PM] Sending notification 'textDocument/didChange'.
2025-12-08 20:32:45.258 [info] [Trace - 8:32:45 PM] Sending notification 'textDocument/didChange'.
2025-12-08 20:32:45.430 [info] [Trace - 8:32:45 PM] Sending notification 'textDocument/didChange'.
2025-12-08 20:32:45.562 [info] [Trace - 8:32:45 PM] Sending notification 'textDocument/didChange'.
2025-12-08 20:32:47.933 [info] [Trace - 8:32:47 PM] Sending notification 'textDocument/didChange'.
2025-12-08 20:32:48.126 [info] [Trace - 8:32:48 PM] Sending notification 'textDocument/didChange'.
2025-12-08 20:32:48.455 [info] [Trace - 8:32:48 PM] Sending notification 'textDocument/didChange'.
2025-12-08 20:32:52.848 [info] [Trace - 8:32:52 PM] Sending notification 'textDocument/didChange'.
2025-12-08 20:32:52.954 [info] [Trace - 8:32:52 PM] Sending notification 'textDocument/didChange'.
2025-12-08 20:32:53.263 [info] [Trace - 8:32:53 PM] Sending notification 'textDocument/didChange'.
2025-12-08 20:32:53.590 [info] [Trace - 8:32:53 PM] Sending notification 'textDocument/didChange'.
2025-12-08 20:32:53.805 [info] [Trace - 8:32:53 PM] Sending notification 'textDocument/didChange'.
2025-12-08 20:32:53.923 [info] [Trace - 8:32:53 PM] Sending notification 'textDocument/didChange'.
2025-12-08 20:32:54.048 [info] [Trace - 8:32:54 PM] Sending notification 'textDocument/didChange'.
2025-12-08 20:32:54.165 [info] [Trace - 8:32:54 PM] Sending notification 'textDocument/didChange'.
2025-12-08 20:32:54.236 [info] [Trace - 8:32:54 PM] Sending notification 'textDocument/didChange'.
2025-12-08 20:32:54.361 [info] [Trace - 8:32:54 PM] Sending notification 'textDocument/didChange'.
2025-12-08 20:32:57.294 [info] [Trace - 8:32:57 PM] Sending notification 'textDocument/didChange'.
2025-12-08 20:32:57.500 [info] [Trace - 8:32:57 PM] Sending notification 'textDocument/didChange'.
2025-12-08 20:32:57.754 [info] [Trace - 8:32:57 PM] Sending notification 'textDocument/didChange'.
2025-12-08 20:32:57.855 [info] [Trace - 8:32:57 PM] Sending notification 'textDocument/didChange'.
2025-12-08 20:32:58.330 [info] [Trace - 8:32:58 PM] Sending notification 'textDocument/didChange'.
2025-12-08 20:32:59.685 [info] [Trace - 8:32:59 PM] Sending notification 'textDocument/didChange'.
2025-12-08 20:32:59.805 [info] [Trace - 8:32:59 PM] Sending notification 'textDocument/didChange'.
2025-12-08 20:33:03.320 [info] [Trace - 8:33:03 PM] Sending notification 'textDocument/didChange'.
2025-12-08 20:33:03.388 [info] [Trace - 8:33:03 PM] Sending notification 'textDocument/didChange'.
2025-12-08 20:33:03.576 [info] [Trace - 8:33:03 PM] Sending notification 'textDocument/didChange'.
2025-12-08 20:33:05.282 [info] [Trace - 8:33:05 PM] Sending notification 'textDocument/didChange'.
2025-12-08 20:33:05.483 [info] [Trace - 8:33:05 PM] Sending notification 'textDocument/didChange'.
2025-12-08 20:33:05.664 [info] [Trace - 8:33:05 PM] Sending notification 'textDocument/didChange'.
2025-12-08 20:33:05.895 [info] [Trace - 8:33:05 PM] Sending notification 'textDocument/didChange'.
2025-12-08 20:33:05.895 [info] [Trace - 8:33:05 PM] Sending notification 'textDocument/didChange'.
2025-12-08 20:33:06.887 [info] [Trace - 8:33:06 PM] Sending notification 'textDocument/didChange'.
2025-12-08 20:33:07.186 [info] [Trace - 8:33:07 PM] Sending notification 'textDocument/didChange'.
2025-12-08 20:33:07.726 [info] [Trace - 8:33:07 PM] Sending notification 'textDocument/didChange'.
2025-12-08 20:33:09.310 [info] [Trace - 8:33:09 PM] Sending notification 'textDocument/didChange'.
2025-12-08 20:33:09.710 [info] [Trace - 8:33:09 PM] Sending notification 'textDocument/didChange'.
2025-12-08 20:33:09.832 [info] [Trace - 8:33:09 PM] Sending notification 'textDocument/didChange'.
2025-12-08 20:33:10.032 [info] [Trace - 8:33:10 PM] Sending notification 'textDocument/didChange'.
2025-12-08 20:33:10.183 [info] [Trace - 8:33:10 PM] Sending notification 'textDocument/didChange'.
2025-12-08 20:33:10.310 [info] [Trace - 8:33:10 PM] Sending notification 'textDocument/didChange'.
2025-12-08 20:33:10.367 [info] [Trace - 8:33:10 PM] Sending notification 'textDocument/didChange'.
2025-12-08 20:33:11.150 [info] [Trace - 8:33:11 PM] Sending notification 'textDocument/didChange'.
2025-12-08 20:33:11.274 [info] [Trace - 8:33:11 PM] Sending notification 'textDocument/didChange'.
2025-12-08 20:33:11.428 [info] [Trace - 8:33:11 PM] Sending notification 'textDocument/didChange'.
2025-12-08 20:33:11.532 [info] [Trace - 8:33:11 PM] Sending notification 'textDocument/didChange'.
2025-12-08 20:33:11.622 [info] [Trace - 8:33:11 PM] Sending notification 'textDocument/didChange'.
2025-12-08 20:33:17.635 [info] [Trace - 8:33:17 PM] Sending notification 'textDocument/didChange'.
2025-12-08 20:33:17.855 [info] [Trace - 8:33:17 PM] Sending notification 'textDocument/didChange'.
2025-12-08 20:33:18.011 [info] [Trace - 8:33:18 PM] Sending notification 'textDocument/didChange'.
2025-12-08 20:33:18.574 [info] [Trace - 8:33:18 PM] Sending notification 'textDocument/didChange'.
2025-12-08 20:33:18.684 [info] [Trace - 8:33:18 PM] Sending notification 'textDocument/didChange'.
2025-12-08 20:33:18.880 [info] [Trace - 8:33:18 PM] Sending notification 'textDocument/didChange'.
2025-12-08 20:33:19.032 [info] [Trace - 8:33:19 PM] Sending notification 'textDocument/didChange'.
2025-12-08 20:33:23.220 [info] [Trace - 8:33:23 PM] Sending notification 'textDocument/didChange'.
2025-12-08 20:33:23.291 [info] [Trace - 8:33:23 PM] Sending notification 'textDocument/didChange'.
2025-12-08 20:33:23.358 [info] [Trace - 8:33:23 PM] Sending notification 'textDocument/didChange'.
2025-12-08 20:33:23.507 [info] [Trace - 8:33:23 PM] Sending notification 'textDocument/didChange'.
2025-12-08 20:33:23.618 [info] [Trace - 8:33:23 PM] Sending notification 'textDocument/didChange'.
2025-12-08 20:33:23.759 [info] [Trace - 8:33:23 PM] Sending notification 'textDocument/didChange'.
2025-12-08 20:33:23.849 [info] [Trace - 8:33:23 PM] Sending notification 'textDocument/didChange'.
2025-12-08 20:33:24.017 [info] [Trace - 8:33:24 PM] Sending notification 'textDocument/didChange'.
2025-12-08 20:33:24.076 [info] [Trace - 8:33:24 PM] Sending notification 'textDocument/didChange'.
2025-12-08 20:33:24.232 [info] [Trace - 8:33:24 PM] Sending notification 'textDocument/didChange'.
2025-12-08 20:33:24.283 [info] [Trace - 8:33:24 PM] Sending notification 'textDocument/didChange'.
2025-12-08 20:33:24.584 [info] [Trace - 8:33:24 PM] Sending notification 'textDocument/didChange'.
2025-12-08 20:33:25.168 [info] [Trace - 8:33:25 PM] Sending notification 'textDocument/didChange'.
2025-12-08 20:33:25.307 [info] [Trace - 8:33:25 PM] Sending notification 'textDocument/didChange'.
2025-12-08 20:33:25.501 [info] [Trace - 8:33:25 PM] Sending notification 'textDocument/didChange'.
2025-12-08 20:33:25.621 [info] [Trace - 8:33:25 PM] Sending notification 'textDocument/didChange'.
2025-12-08 20:33:25.989 [info] [Trace - 8:33:25 PM] Sending notification 'textDocument/didChange'.
2025-12-08 20:33:28.365 [info] [Trace - 8:33:28 PM] Sending notification 'textDocument/didChange'.
2025-12-08 20:33:28.608 [info] [Trace - 8:33:28 PM] Sending notification 'textDocument/didChange'.
2025-12-08 20:33:28.608 [info] [Trace - 8:33:28 PM] Sending notification 'textDocument/didChange'.
2025-12-08 20:33:29.083 [info] [Trace - 8:33:29 PM] Sending notification 'textDocument/didChange'.
2025-12-08 20:33:29.595 [info] [Trace - 8:33:29 PM] Sending notification 'textDocument/didChange'.
2025-12-08 20:33:29.749 [info] [Trace - 8:33:29 PM] Sending notification 'textDocument/didChange'.
2025-12-08 20:33:29.939 [info] [Trace - 8:33:29 PM] Sending notification 'textDocument/didChange'.
2025-12-08 20:33:30.143 [info] [Trace - 8:33:30 PM] Sending notification 'textDocument/didChange'.
2025-12-08 20:33:30.276 [info] [Trace - 8:33:30 PM] Sending notification 'textDocument/didChange'.
2025-12-08 20:33:30.369 [info] [Trace - 8:33:30 PM] Sending notification 'textDocument/didChange'.
2025-12-08 20:33:30.438 [info] [Trace - 8:33:30 PM] Sending notification 'textDocument/didChange'.
2025-12-08 20:33:30.706 [info] [Trace - 8:33:30 PM] Sending notification 'textDocument/didChange'.
2025-12-08 20:33:30.972 [info] [Trace - 8:33:30 PM] Sending notification 'textDocument/didChange'.
2025-12-08 20:33:31.204 [info] [Trace - 8:33:31 PM] Sending notification 'textDocument/didChange'.
2025-12-08 20:33:32.049 [info] [Trace - 8:33:32 PM] Sending notification 'textDocument/didChange'.
2025-12-08 20:33:32.256 [info] [Trace - 8:33:32 PM] Sending notification 'textDocument/didChange'.
2025-12-08 20:33:32.388 [info] [Trace - 8:33:32 PM] Sending notification 'textDocument/didChange'.
2025-12-08 20:33:32.573 [info] [Trace - 8:33:32 PM] Sending notification 'textDocument/didChange'.
2025-12-08 20:33:32.737 [info] [Trace - 8:33:32 PM] Sending notification 'textDocument/didChange'.
2025-12-08 20:33:32.813 [info] [Trace - 8:33:32 PM] Sending notification 'textDocument/didChange'.
2025-12-08 20:33:33.021 [info] [Trace - 8:33:33 PM] Sending notification 'textDocument/didChange'.
2025-12-08 20:35:18.493 [info] [Trace - 8:35:18 PM] Sending notification 'textDocument/didChange'.
2025-12-08 20:35:18.621 [info] [Trace - 8:35:18 PM] Sending notification 'textDocument/didChange'.
2025-12-08 20:35:18.666 [info] [Trace - 8:35:18 PM] Sending notification 'textDocument/didChange'.
2025-12-08 20:35:18.787 [info] [Trace - 8:35:18 PM] Sending notification 'textDocument/didChange'.
2025-12-08 20:39:19.211 [info] [Trace - 8:39:19 PM] Sending notification 'textDocument/didChange'.
2025-12-08 20:39:19.869 [info] [Trace - 8:39:19 PM] Sending notification 'textDocument/didChange'.
2025-12-08 20:39:20.223 [info] [Trace - 8:39:20 PM] Sending notification 'textDocument/didChange'.
2025-12-08 20:39:37.129 [info] [Trace - 8:39:37 PM] Sending notification 'textDocument/didChange'.
2025-12-08 20:39:37.434 [info] [Trace - 8:39:37 PM] Sending notification 'textDocument/didChange'.
2025-12-08 20:39:37.516 [info] [Trace - 8:39:37 PM] Sending notification 'textDocument/didChange'.
2025-12-08 20:39:37.621 [info] [Trace - 8:39:37 PM] Sending notification 'textDocument/didChange'.
2025-12-08 20:39:37.801 [info] [Trace - 8:39:37 PM] Sending notification 'textDocument/didChange'.
2025-12-08 20:39:38.054 [info] [Trace - 8:39:38 PM] Sending notification 'textDocument/didChange'.
2025-12-08 20:39:38.759 [info] [Trace - 8:39:38 PM] Sending notification 'textDocument/didChange'.
2025-12-08 20:39:38.843 [info] [Trace - 8:39:38 PM] Sending notification 'textDocument/didChange'.
2025-12-08 20:39:39.063 [info] [Trace - 8:39:39 PM] Sending notification 'textDocument/didChange'.
2025-12-08 20:39:39.626 [info] [Trace - 8:39:39 PM] Sending notification 'textDocument/didChange'.
2025-12-08 20:39:40.014 [info] [Trace - 8:39:40 PM] Sending notification 'textDocument/didChange'.
2025-12-08 20:39:40.078 [info] [Trace - 8:39:40 PM] Sending notification 'textDocument/didChange'.
2025-12-08 20:39:40.218 [info] [Trace - 8:39:40 PM] Sending notification 'textDocument/didChange'.
2025-12-08 20:39:46.273 [info] [Trace - 8:39:46 PM] Sending notification 'textDocument/didChange'.
2025-12-08 20:39:46.447 [info] [Trace - 8:39:46 PM] Sending notification 'textDocument/didOpen'.
2025-12-08 20:39:46.447 [info] [Trace - 8:39:46 PM] Sending notification 'textDocument/didClose'.
2025-12-08 20:39:51.616 [info] [Trace - 8:39:51 PM] Sending notification 'textDocument/didChange'.
2025-12-08 20:39:52.264 [info] [Trace - 8:39:52 PM] Sending notification 'textDocument/didChange'.
2025-12-08 21:04:38.067 [info] [Trace - 9:04:38 PM] Sending notification 'textDocument/didChange'.
2025-12-08 21:09:15.781 [info] [Trace - 9:09:15 PM] Sending notification 'textDocument/didOpen'.
2025-12-08 21:09:15.781 [info] [Trace - 9:09:15 PM] Sending notification 'textDocument/didClose'.
2025-12-08 21:09:18.376 [info] [Trace - 9:09:18 PM] Sending notification 'textDocument/didChange'.
2025-12-08 21:09:18.872 [info] [Trace - 9:09:18 PM] Sending notification 'textDocument/didChange'.
2025-12-08 21:09:21.081 [info] [Trace - 9:09:21 PM] Sending notification 'textDocument/didOpen'.
2025-12-08 21:09:21.081 [info] [Trace - 9:09:21 PM] Sending notification 'textDocument/didClose'.
2025-12-08 21:09:22.203 [info] [Trace - 9:09:22 PM] Sending notification 'textDocument/didChange'.
2025-12-08 21:09:22.408 [info] [Trace - 9:09:22 PM] Sending notification 'textDocument/didChange'.
2025-12-08 21:09:31.121 [info] [Trace - 9:09:31 PM] Sending notification 'textDocument/didOpen'.
2025-12-08 21:09:31.121 [info] [Trace - 9:09:31 PM] Sending notification 'textDocument/didClose'.
2025-12-08 21:09:34.292 [info] [Trace - 9:09:34 PM] Sending notification 'textDocument/didChange'.
2025-12-08 21:09:34.689 [info] [Trace - 9:09:34 PM] Sending notification 'textDocument/didChange'.
2025-12-08 21:09:37.779 [info] [Trace - 9:09:37 PM] Sending notification 'textDocument/didChange'.
2025-12-08 21:09:38.022 [info] [Trace - 9:09:38 PM] Sending notification 'textDocument/didChange'.
2025-12-08 21:09:38.909 [info] [Trace - 9:09:38 PM] Sending notification 'textDocument/didChange'.
2025-12-08 21:09:39.120 [info] [Trace - 9:09:39 PM] Sending notification 'textDocument/didChange'.
2025-12-08 21:09:39.212 [info] [Trace - 9:09:39 PM] Sending notification 'textDocument/didChange'.
2025-12-08 21:09:39.328 [info] [Trace - 9:09:39 PM] Sending notification 'textDocument/didChange'.
2025-12-08 21:09:39.600 [info] [Trace - 9:09:39 PM] Sending notification 'textDocument/didChange'.
2025-12-08 21:09:40.341 [info] [Trace - 9:09:40 PM] Sending notification 'textDocument/didChange'.
2025-12-08 21:09:41.950 [info] [Trace - 9:09:41 PM] Sending notification 'textDocument/didChange'.
2025-12-08 21:09:42.381 [info] [Trace - 9:09:42 PM] Sending notification 'textDocument/didChange'.
2025-12-08 21:09:42.534 [info] [Trace - 9:09:42 PM] Sending notification 'textDocument/didChange'.
2025-12-08 21:09:42.902 [info] [Trace - 9:09:42 PM] Sending notification 'textDocument/didChange'.
2025-12-08 21:09:43.153 [info] [Trace - 9:09:43 PM] Sending notification 'textDocument/didChange'.
2025-12-08 21:09:43.268 [info] [Trace - 9:09:43 PM] Sending notification 'textDocument/didChange'.
2025-12-08 21:09:43.359 [info] [Trace - 9:09:43 PM] Sending notification 'textDocument/didChange'.
2025-12-08 21:09:43.490 [info] [Trace - 9:09:43 PM] Sending notification 'textDocument/didChange'.
2025-12-08 21:09:43.889 [info] [Trace - 9:09:43 PM] Sending notification 'textDocument/didChange'.
2025-12-08 21:09:45.011 [info] [Trace - 9:09:45 PM] Sending notification 'textDocument/didChange'.
2025-12-08 21:09:52.788 [info] [Trace - 9:09:52 PM] Sending notification 'textDocument/didClose'.
2025-12-08 21:10:43.576 [info] [Trace - 9:10:43 PM] Sending notification 'textDocument/didChange'.
2025-12-08 21:10:43.775 [info] [Trace - 9:10:43 PM] Sending notification 'textDocument/didChange'.
2025-12-08 21:10:43.898 [info] [Trace - 9:10:43 PM] Sending notification 'textDocument/didChange'.
2025-12-08 21:10:43.984 [info] [Trace - 9:10:43 PM] Sending notification 'textDocument/didChange'.
2025-12-08 21:10:47.231 [info] [Trace - 9:10:47 PM] Sending notification 'textDocument/didChange'.
2025-12-08 21:10:47.303 [info] [Trace - 9:10:47 PM] Sending notification 'textDocument/didChange'.
2025-12-08 21:16:08.218 [info] [Trace - 9:16:08 PM] Sending notification 'textDocument/didOpen'.
2025-12-08 21:16:11.596 [info] [Trace - 9:16:11 PM] Sending notification 'textDocument/didChange'.
2025-12-08 21:16:27.817 [info] [Trace - 9:16:27 PM] Sending notification 'textDocument/didClose'.
2025-12-08 21:16:27.866 [info] [Trace - 9:16:27 PM] Sending notification 'textDocument/didOpen'.
