2025-12-07 12:46:12.309 [info] Native locator: Refresh started
2025-12-07 12:46:12.576 [info] Skipping ActivatedEnv Detection:  process.env.VSCODE_CLI !== '1'
2025-12-07 12:46:12.690 [info] > pyenv which python
2025-12-07 12:46:12.691 [info] cwd: .
2025-12-07 12:46:13.550 [info] Python interpreter path: /usr/bin/python3
2025-12-07 12:46:15.420 [info] Discover tests for workspace name: terry - uri: /home/terry/repos/weather-data-project/api-request/insert_records.py
2025-12-07 12:46:16.344 [info] Starting Pylance language server.
2025-12-07 12:46:16.614 [info] Native locator: Refresh finished in 4387 ms
2025-12-07 12:46:16.728 [info] Discover tests for workspace name: terry - uri: /home/terry/repos/weather-data-project/api-request/insert_records.py
2025-12-07 12:46:20.450 [info] Discover tests for workspace name: terry - uri: /home/terry/repos/weather-data-project/api-request/insert_records.py
2025-12-07 12:46:25.832 [info] Discover tests for workspace name: terry - uri: /home/terry/repos/weather-data-project/api-request/insert_records.py
2025-12-07 12:46:35.676 [info] Discover tests for workspace name: terry - uri: /home/terry/repos/weather-data-project/api-request/insert_records.py
2025-12-07 12:46:38.752 [info] Discover tests for workspace name: terry - uri: /home/terry/repos/weather-data-project/api-request/insert_records.py
2025-12-07 12:46:44.722 [info] Discover tests for workspace name: terry - uri: /home/terry/repos/weather-data-project/api-request/insert_records.py
2025-12-07 12:46:53.015 [info] Discover tests for workspace name: terry - uri: /home/terry/repos/weather-data-project/api-request/insert_records.py
2025-12-07 12:47:23.067 [info] Discover tests for workspace name: terry - uri: /home/terry/repos/weather-data-project/api-request/insert_records.py
2025-12-07 12:50:34.615 [info] Discover tests for workspace name: terry - uri: /home/terry/repos/weather-data-project/api-request/insert_records.py
2025-12-07 12:50:39.333 [info] Discover tests for workspace name: terry - uri: /home/terry/repos/weather-data-project/api-request/insert_records.py
2025-12-07 12:50:43.721 [info] Discover tests for workspace name: terry - uri: /home/terry/repos/weather-data-project/api-request/insert_records.py
2025-12-07 12:50:49.507 [info] Discover tests for workspace name: terry - uri: /home/terry/repos/weather-data-project/api-request/insert_records.py
2025-12-07 12:50:57.741 [info] Discover tests for workspace name: terry - uri: /home/terry/repos/weather-data-project/api-request/insert_records.py
2025-12-07 12:51:03.129 [info] Discover tests for workspace name: terry - uri: /home/terry/repos/weather-data-project/api-request/insert_records.py
2025-12-07 12:51:05.088 [info] Discover tests for workspace name: terry - uri: /home/terry/repos/weather-data-project/api-request/insert_records.py
2025-12-07 12:51:08.692 [info] Discover tests for workspace name: terry - uri: /home/terry/repos/weather-data-project/api-request/insert_records.py
2025-12-07 12:51:11.768 [info] Discover tests for workspace name: terry - uri: /home/terry/repos/weather-data-project/api-request/insert_records.py
2025-12-07 12:51:13.744 [info] Discover tests for workspace name: terry - uri: /home/terry/repos/weather-data-project/api-request/insert_records.py
2025-12-07 12:51:16.161 [info] Discover tests for workspace name: terry - uri: /home/terry/repos/weather-data-project/api-request/insert_records.py
2025-12-07 12:51:18.953 [info] Discover tests for workspace name: terry - uri: /home/terry/repos/weather-data-project/api-request/insert_records.py
2025-12-07 12:51:21.400 [info] Discover tests for workspace name: terry - uri: /home/terry/repos/weather-data-project/api-request/insert_records.py
2025-12-07 12:51:27.812 [info] Discover tests for workspace name: terry - uri: /home/terry/repos/weather-data-project/api-request/insert_records.py
2025-12-07 12:51:29.073 [info] Discover tests for workspace name: terry - uri: /home/terry/repos/weather-data-project/api-request/insert_records.py
2025-12-07 12:51:32.576 [info] Discover tests for workspace name: terry - uri: /home/terry/repos/weather-data-project/api-request/insert_records.py
2025-12-07 12:51:35.489 [info] Discover tests for workspace name: terry - uri: /home/terry/repos/weather-data-project/api-request/insert_records.py
2025-12-07 12:51:43.592 [info] Discover tests for workspace name: terry - uri: /home/terry/repos/weather-data-project/api-request/insert_records.py
2025-12-07 12:51:46.323 [info] Discover tests for workspace name: terry - uri: /home/terry/repos/weather-data-project/api-request/insert_records.py
2025-12-07 12:51:49.934 [info] Discover tests for workspace name: terry - uri: /home/terry/repos/weather-data-project/api-request/insert_records.py
2025-12-07 12:51:53.436 [info] Discover tests for workspace name: terry - uri: /home/terry/repos/weather-data-project/api-request/insert_records.py
2025-12-07 12:51:55.806 [info] Discover tests for workspace name: terry - uri: /home/terry/repos/weather-data-project/api-request/insert_records.py
2025-12-07 12:51:59.568 [info] Discover tests for workspace name: terry - uri: /home/terry/repos/weather-data-project/api-request/insert_records.py
2025-12-07 12:52:04.109 [info] Discover tests for workspace name: terry - uri: /home/terry/repos/weather-data-project/api-request/insert_records.py
2025-12-07 12:52:10.472 [info] Discover tests for workspace name: terry - uri: /home/terry/repos/weather-data-project/api-request/insert_records.py
2025-12-07 12:52:17.787 [info] Discover tests for workspace name: terry - uri: /home/terry/repos/weather-data-project/api-request/insert_records.py
2025-12-07 12:52:19.857 [info] Discover tests for workspace name: terry - uri: /home/terry/repos/weather-data-project/api-request/insert_records.py
2025-12-07 12:52:22.568 [info] Discover tests for workspace name: terry - uri: /home/terry/repos/weather-data-project/api-request/insert_records.py
2025-12-07 12:52:26.816 [info] Discover tests for workspace name: terry - uri: /home/terry/repos/weather-data-project/api-request/insert_records.py
2025-12-07 12:53:30.359 [info] Discover tests for workspace name: terry - uri: /home/terry/repos/weather-data-project/api-request/insert_records.py
2025-12-07 12:53:32.320 [info] Discover tests for workspace name: terry - uri: /home/terry/repos/weather-data-project/api-request/insert_records.py
2025-12-07 12:53:35.954 [info] Discover tests for workspace name: terry - uri: /home/terry/repos/weather-data-project/api-request/insert_records.py
2025-12-07 12:53:38.447 [info] Discover tests for workspace name: terry - uri: /home/terry/repos/weather-data-project/api-request/insert_records.py
2025-12-07 12:54:06.118 [info] Python interpreter path: /bin/python3
2025-12-07 12:54:40.223 [info] Discover tests for workspace name: terry - uri: /home/terry/repos/weather-data-project/api-request/insert_records.py
2025-12-07 12:54:52.893 [info] Discover tests for workspace name: terry - uri: /home/terry/repos/weather-data-project/api-request/insert_records.py
2025-12-07 12:54:53.943 [info] Discover tests for workspace name: terry - uri: /home/terry/repos/weather-data-project/api-request/insert_records.py
2025-12-07 12:55:01.482 [info] Discover tests for workspace name: terry - uri: /home/terry/repos/weather-data-project/api-request/insert_records.py
2025-12-07 12:55:15.017 [info] Discover tests for workspace name: terry - uri: /home/terry/repos/weather-data-project/api-request/insert_records.py
2025-12-07 12:55:16.387 [info] Discover tests for workspace name: terry - uri: /home/terry/repos/weather-data-project/api-request/insert_records.py
2025-12-07 12:55:22.957 [info] Discover tests for workspace name: terry - uri: /home/terry/repos/weather-data-project/api-request/insert_records.py
2025-12-07 12:55:29.350 [info] Discover tests for workspace name: terry - uri: /home/terry/repos/weather-data-project/api-request/insert_records.py
2025-12-07 12:55:36.753 [info] Discover tests for workspace name: terry - uri: /home/terry/repos/weather-data-project/api-request/insert_records.py
2025-12-07 12:55:46.187 [info] Discover tests for workspace name: terry - uri: /home/terry/repos/weather-data-project/api-request/insert_records.py
2025-12-07 12:55:49.986 [info] Discover tests for workspace name: terry - uri: /home/terry/repos/weather-data-project/api-request/insert_records.py
2025-12-07 12:55:52.323 [info] Discover tests for workspace name: terry - uri: /home/terry/repos/weather-data-project/api-request/insert_records.py
2025-12-07 12:55:58.222 [info] Discover tests for workspace name: terry - uri: /home/terry/repos/weather-data-project/api-request/insert_records.py
2025-12-07 12:56:07.263 [info] Discover tests for workspace name: terry - uri: /home/terry/repos/weather-data-project/api-request/insert_records.py
2025-12-07 12:56:09.418 [info] Discover tests for workspace name: terry - uri: /home/terry/repos/weather-data-project/api-request/insert_records.py
2025-12-07 12:56:10.478 [info] Discover tests for workspace name: terry - uri: /home/terry/repos/weather-data-project/api-request/insert_records.py
2025-12-07 12:56:15.850 [info] Discover tests for workspace name: terry - uri: /home/terry/repos/weather-data-project/api-request/insert_records.py
2025-12-07 12:56:20.245 [info] Discover tests for workspace name: terry - uri: /home/terry/repos/weather-data-project/api-request/insert_records.py
2025-12-07 12:56:28.319 [info] Discover tests for workspace name: terry - uri: /home/terry/repos/weather-data-project/api-request/insert_records.py
2025-12-07 12:56:32.111 [info] Discover tests for workspace name: terry - uri: /home/terry/repos/weather-data-project/api-request/insert_records.py
2025-12-07 12:56:36.405 [info] Discover tests for workspace name: terry - uri: /home/terry/repos/weather-data-project/api-request/insert_records.py
2025-12-07 12:56:40.913 [info] Discover tests for workspace name: terry - uri: /home/terry/repos/weather-data-project/api-request/insert_records.py
2025-12-07 12:56:45.154 [info] Discover tests for workspace name: terry - uri: /home/terry/repos/weather-data-project/api-request/insert_records.py
2025-12-07 12:56:46.435 [info] Discover tests for workspace name: terry - uri: /home/terry/repos/weather-data-project/api-request/insert_records.py
2025-12-07 12:56:47.762 [info] Discover tests for workspace name: terry - uri: /home/terry/repos/weather-data-project/api-request/insert_records.py
2025-12-07 12:56:52.077 [info] Discover tests for workspace name: terry - uri: /home/terry/repos/weather-data-project/api-request/insert_records.py
2025-12-07 12:56:53.564 [info] Discover tests for workspace name: terry - uri: /home/terry/repos/weather-data-project/api-request/insert_records.py
2025-12-07 12:56:59.733 [info] Discover tests for workspace name: terry - uri: /home/terry/repos/weather-data-project/api-request/insert_records.py
2025-12-07 12:57:03.572 [info] Discover tests for workspace name: terry - uri: /home/terry/repos/weather-data-project/api-request/insert_records.py
2025-12-07 12:57:06.727 [info] Discover tests for workspace name: terry - uri: /home/terry/repos/weather-data-project/api-request/insert_records.py
2025-12-07 12:57:14.341 [info] Discover tests for workspace name: terry - uri: /home/terry/repos/weather-data-project/api-request/insert_records.py
2025-12-07 12:57:22.693 [info] Discover tests for workspace name: terry - uri: /home/terry/repos/weather-data-project/api-request/insert_records.py
2025-12-07 12:57:28.941 [info] Discover tests for workspace name: terry - uri: /home/terry/repos/weather-data-project/api-request/insert_records.py
2025-12-07 12:57:32.025 [info] Discover tests for workspace name: terry - uri: /home/terry/repos/weather-data-project/api-request/insert_records.py
2025-12-07 12:57:38.264 [info] Discover tests for workspace name: terry - uri: /home/terry/repos/weather-data-project/api-request/insert_records.py
2025-12-07 12:57:48.665 [info] Discover tests for workspace name: terry - uri: /home/terry/repos/weather-data-project/api-request/insert_records.py
2025-12-07 12:57:54.330 [info] Discover tests for workspace name: terry - uri: /home/terry/repos/weather-data-project/api-request/insert_records.py
2025-12-07 12:57:58.648 [info] Discover tests for workspace name: terry - uri: /home/terry/repos/weather-data-project/api-request/insert_records.py
2025-12-07 12:58:05.720 [info] Discover tests for workspace name: terry - uri: /home/terry/repos/weather-data-project/api-request/insert_records.py
2025-12-07 12:58:15.725 [info] Discover tests for workspace name: terry - uri: /home/terry/repos/weather-data-project/api-request/insert_records.py
2025-12-07 12:58:23.946 [info] Discover tests for workspace name: terry - uri: /home/terry/repos/weather-data-project/api-request/insert_records.py
2025-12-07 12:58:27.909 [info] Discover tests for workspace name: terry - uri: /home/terry/repos/weather-data-project/api-request/insert_records.py
2025-12-07 12:58:35.643 [info] Discover tests for workspace name: terry - uri: /home/terry/repos/weather-data-project/api-request/insert_records.py
2025-12-07 12:58:36.725 [info] Discover tests for workspace name: terry - uri: /home/terry/repos/weather-data-project/api-request/insert_records.py
2025-12-07 12:58:40.925 [info] Discover tests for workspace name: terry - uri: /home/terry/repos/weather-data-project/api-request/insert_records.py
2025-12-07 12:58:43.587 [info] Discover tests for workspace name: terry - uri: /home/terry/repos/weather-data-project/api-request/insert_records.py
2025-12-07 12:58:47.299 [info] Discover tests for workspace name: terry - uri: /home/terry/repos/weather-data-project/api-request/insert_records.py
2025-12-07 12:58:52.096 [info] Discover tests for workspace name: terry - uri: /home/terry/repos/weather-data-project/api-request/insert_records.py
2025-12-07 12:58:58.337 [info] Discover tests for workspace name: terry - uri: /home/terry/repos/weather-data-project/api-request/insert_records.py
2025-12-07 12:59:01.223 [info] Discover tests for workspace name: terry - uri: /home/terry/repos/weather-data-project/api-request/insert_records.py
2025-12-07 12:59:08.527 [info] Discover tests for workspace name: terry - uri: /home/terry/repos/weather-data-project/api-request/insert_records.py
2025-12-07 12:59:10.282 [info] Discover tests for workspace name: terry - uri: /home/terry/repos/weather-data-project/api-request/insert_records.py
2025-12-07 12:59:13.146 [info] Discover tests for workspace name: terry - uri: /home/terry/repos/weather-data-project/api-request/insert_records.py
2025-12-07 12:59:16.323 [info] Discover tests for workspace name: terry - uri: /home/terry/repos/weather-data-project/api-request/insert_records.py
2025-12-07 12:59:18.526 [info] Discover tests for workspace name: terry - uri: /home/terry/repos/weather-data-project/api-request/insert_records.py
2025-12-07 12:59:19.918 [info] Discover tests for workspace name: terry - uri: /home/terry/repos/weather-data-project/api-request/insert_records.py
2025-12-07 12:59:22.494 [info] Discover tests for workspace name: terry - uri: /home/terry/repos/weather-data-project/api-request/insert_records.py
2025-12-07 12:59:26.795 [info] Discover tests for workspace name: terry - uri: /home/terry/repos/weather-data-project/api-request/insert_records.py
2025-12-07 12:59:33.170 [info] Discover tests for workspace name: terry - uri: /home/terry/repos/weather-data-project/api-request/insert_records.py
2025-12-07 13:01:30.082 [info] Discover tests for workspace name: terry - uri: /home/terry/repos/weather-data-project/api-request/insert_records.py
2025-12-07 13:01:32.997 [info] Discover tests for workspace name: terry - uri: /home/terry/repos/weather-data-project/api-request/insert_records.py
2025-12-07 13:01:46.668 [info] Discover tests for workspace name: terry - uri: /home/terry/repos/weather-data-project/api-request/insert_records.py
2025-12-07 13:01:53.285 [info] Discover tests for workspace name: terry - uri: /home/terry/repos/weather-data-project/api-request/insert_records.py
2025-12-07 13:01:55.933 [info] Discover tests for workspace name: terry - uri: /home/terry/repos/weather-data-project/api-request/insert_records.py
2025-12-07 13:01:57.902 [info] Discover tests for workspace name: terry - uri: /home/terry/repos/weather-data-project/api-request/insert_records.py
2025-12-07 13:01:59.150 [info] Discover tests for workspace name: terry - uri: /home/terry/repos/weather-data-project/api-request/insert_records.py
2025-12-07 13:02:02.694 [info] Discover tests for workspace name: terry - uri: /home/terry/repos/weather-data-project/api-request/insert_records.py
2025-12-07 13:02:04.020 [info] Discover tests for workspace name: terry - uri: /home/terry/repos/weather-data-project/api-request/insert_records.py
2025-12-07 13:02:09.682 [info] Discover tests for workspace name: terry - uri: /home/terry/repos/weather-data-project/api-request/insert_records.py
2025-12-07 13:02:17.084 [info] Discover tests for workspace name: terry - uri: /home/terry/repos/weather-data-project/api-request/insert_records.py
2025-12-07 13:02:20.107 [info] Discover tests for workspace name: terry - uri: /home/terry/repos/weather-data-project/api-request/insert_records.py
2025-12-07 13:02:21.173 [info] Discover tests for workspace name: terry - uri: /home/terry/repos/weather-data-project/api-request/insert_records.py
2025-12-07 13:02:25.296 [info] Discover tests for workspace name: terry - uri: /home/terry/repos/weather-data-project/api-request/insert_records.py
2025-12-07 13:02:27.407 [info] Discover tests for workspace name: terry - uri: /home/terry/repos/weather-data-project/api-request/insert_records.py
2025-12-07 13:02:29.242 [info] Discover tests for workspace name: terry - uri: /home/terry/repos/weather-data-project/api-request/insert_records.py
2025-12-07 13:02:35.307 [info] Discover tests for workspace name: terry - uri: /home/terry/repos/weather-data-project/api-request/insert_records.py
2025-12-07 13:02:36.895 [info] Discover tests for workspace name: terry - uri: /home/terry/repos/weather-data-project/api-request/insert_records.py
2025-12-07 13:02:39.923 [info] Discover tests for workspace name: terry - uri: /home/terry/repos/weather-data-project/api-request/insert_records.py
2025-12-07 13:02:44.976 [info] Discover tests for workspace name: terry - uri: /home/terry/repos/weather-data-project/api-request/insert_records.py
2025-12-07 13:02:46.375 [info] Discover tests for workspace name: terry - uri: /home/terry/repos/weather-data-project/api-request/insert_records.py
2025-12-07 13:02:57.214 [info] Discover tests for workspace name: terry - uri: /home/terry/repos/weather-data-project/api-request/insert_records.py
2025-12-07 13:03:05.108 [info] Discover tests for workspace name: terry - uri: /home/terry/repos/weather-data-project/api-request/insert_records.py
2025-12-07 13:03:09.956 [info] Discover tests for workspace name: terry - uri: /home/terry/repos/weather-data-project/api-request/insert_records.py
2025-12-07 13:03:12.069 [info] Discover tests for workspace name: terry - uri: /home/terry/repos/weather-data-project/api-request/insert_records.py
2025-12-07 13:03:21.845 [info] Discover tests for workspace name: terry - uri: /home/terry/repos/weather-data-project/api-request/insert_records.py
2025-12-07 13:03:25.088 [info] Discover tests for workspace name: terry - uri: /home/terry/repos/weather-data-project/api-request/insert_records.py
2025-12-07 13:03:30.474 [info] Discover tests for workspace name: terry - uri: /home/terry/repos/weather-data-project/api-request/insert_records.py
2025-12-07 13:03:32.408 [info] Discover tests for workspace name: terry - uri: /home/terry/repos/weather-data-project/api-request/insert_records.py
2025-12-07 13:03:37.682 [info] Discover tests for workspace name: terry - uri: /home/terry/repos/weather-data-project/api-request/insert_records.py
2025-12-07 13:03:38.901 [info] Discover tests for workspace name: terry - uri: /home/terry/repos/weather-data-project/api-request/insert_records.py
2025-12-07 13:03:51.675 [info] Discover tests for workspace name: terry - uri: /home/terry/repos/weather-data-project/api-request/insert_records.py
2025-12-07 13:04:03.757 [info] Discover tests for workspace name: terry - uri: /home/terry/repos/weather-data-project/api-request/insert_records.py
2025-12-07 13:04:05.749 [info] Discover tests for workspace name: terry - uri: /home/terry/repos/weather-data-project/api-request/insert_records.py
2025-12-07 13:04:08.202 [info] Discover tests for workspace name: terry - uri: /home/terry/repos/weather-data-project/api-request/insert_records.py
2025-12-07 13:04:24.219 [info] Discover tests for workspace name: terry - uri: /home/terry/repos/weather-data-project/api-request/insert_records.py
2025-12-07 13:04:27.792 [info] Discover tests for workspace name: terry - uri: /home/terry/repos/weather-data-project/api-request/insert_records.py
2025-12-07 13:04:31.243 [info] Discover tests for workspace name: terry - uri: /home/terry/repos/weather-data-project/api-request/insert_records.py
2025-12-07 13:04:33.059 [info] Discover tests for workspace name: terry - uri: /home/terry/repos/weather-data-project/api-request/insert_records.py
2025-12-07 13:04:36.672 [info] Discover tests for workspace name: terry - uri: /home/terry/repos/weather-data-project/api-request/insert_records.py
2025-12-07 13:04:39.678 [info] Discover tests for workspace name: terry - uri: /home/terry/repos/weather-data-project/api-request/insert_records.py
2025-12-07 13:04:42.924 [info] Discover tests for workspace name: terry - uri: /home/terry/repos/weather-data-project/api-request/insert_records.py
2025-12-07 13:04:46.171 [info] Discover tests for workspace name: terry - uri: /home/terry/repos/weather-data-project/api-request/insert_records.py
2025-12-07 13:04:49.954 [info] Discover tests for workspace name: terry - uri: /home/terry/repos/weather-data-project/api-request/insert_records.py
2025-12-07 13:04:53.046 [info] Discover tests for workspace name: terry - uri: /home/terry/repos/weather-data-project/api-request/insert_records.py
2025-12-07 13:05:00.142 [info] Discover tests for workspace name: terry - uri: /home/terry/repos/weather-data-project/api-request/insert_records.py
2025-12-07 13:05:03.441 [info] Discover tests for workspace name: terry - uri: /home/terry/repos/weather-data-project/api-request/insert_records.py
2025-12-07 13:05:06.245 [info] Discover tests for workspace name: terry - uri: /home/terry/repos/weather-data-project/api-request/insert_records.py
2025-12-07 13:05:13.030 [info] Discover tests for workspace name: terry - uri: /home/terry/repos/weather-data-project/api-request/insert_records.py
2025-12-07 13:05:16.306 [info] Discover tests for workspace name: terry - uri: /home/terry/repos/weather-data-project/api-request/insert_records.py
2025-12-07 13:05:25.802 [info] Discover tests for workspace name: terry - uri: /home/terry/repos/weather-data-project/api-request/insert_records.py
2025-12-07 13:05:30.407 [info] Discover tests for workspace name: terry - uri: /home/terry/repos/weather-data-project/api-request/insert_records.py
2025-12-07 13:05:33.195 [info] Discover tests for workspace name: terry - uri: /home/terry/repos/weather-data-project/api-request/insert_records.py
2025-12-07 13:06:55.092 [info] Discover tests for workspace name: terry - uri: /home/terry/repos/weather-data-project/api-request/insert_records.py
2025-12-07 13:06:57.791 [info] Discover tests for workspace name: terry - uri: /home/terry/repos/weather-data-project/api-request/insert_records.py
2025-12-07 13:07:00.542 [info] Discover tests for workspace name: terry - uri: /home/terry/repos/weather-data-project/api-request/insert_records.py
2025-12-07 13:07:04.898 [info] Discover tests for workspace name: terry - uri: /home/terry/repos/weather-data-project/api-request/insert_records.py
2025-12-07 13:07:10.276 [info] Discover tests for workspace name: terry - uri: /home/terry/repos/weather-data-project/api-request/insert_records.py
2025-12-07 13:07:15.985 [info] Discover tests for workspace name: terry - uri: /home/terry/repos/weather-data-project/api-request/insert_records.py
2025-12-07 13:07:19.735 [info] Discover tests for workspace name: terry - uri: /home/terry/repos/weather-data-project/api-request/insert_records.py
2025-12-07 13:07:22.202 [info] Discover tests for workspace name: terry - uri: /home/terry/repos/weather-data-project/api-request/insert_records.py
2025-12-07 13:07:28.264 [info] Discover tests for workspace name: terry - uri: /home/terry/repos/weather-data-project/api-request/insert_records.py
2025-12-07 13:07:39.072 [info] Discover tests for workspace name: terry - uri: /home/terry/repos/weather-data-project/api-request/insert_records.py
2025-12-07 13:07:43.149 [info] Discover tests for workspace name: terry - uri: /home/terry/repos/weather-data-project/api-request/insert_records.py
2025-12-07 13:07:44.537 [info] Discover tests for workspace name: terry - uri: /home/terry/repos/weather-data-project/api-request/insert_records.py
2025-12-07 13:07:50.458 [info] Discover tests for workspace name: terry - uri: /home/terry/repos/weather-data-project/api-request/insert_records.py
2025-12-07 13:07:53.541 [info] Discover tests for workspace name: terry - uri: /home/terry/repos/weather-data-project/api-request/insert_records.py
2025-12-07 13:07:56.071 [info] Discover tests for workspace name: terry - uri: /home/terry/repos/weather-data-project/api-request/insert_records.py
2025-12-07 13:07:58.282 [info] Discover tests for workspace name: terry - uri: /home/terry/repos/weather-data-project/api-request/insert_records.py
2025-12-07 13:08:04.916 [info] Discover tests for workspace name: terry - uri: /home/terry/repos/weather-data-project/api-request/insert_records.py
2025-12-07 13:08:07.675 [info] Discover tests for workspace name: terry - uri: /home/terry/repos/weather-data-project/api-request/insert_records.py
2025-12-07 13:08:10.676 [info] Discover tests for workspace name: terry - uri: /home/terry/repos/weather-data-project/api-request/insert_records.py
2025-12-07 13:08:13.350 [info] Discover tests for workspace name: terry - uri: /home/terry/repos/weather-data-project/api-request/insert_records.py
2025-12-07 13:08:18.217 [info] Discover tests for workspace name: terry - uri: /home/terry/repos/weather-data-project/api-request/insert_records.py
2025-12-07 13:08:23.008 [info] Discover tests for workspace name: terry - uri: /home/terry/repos/weather-data-project/api-request/insert_records.py
2025-12-07 13:08:28.317 [info] Discover tests for workspace name: terry - uri: /home/terry/repos/weather-data-project/api-request/insert_records.py
2025-12-07 13:08:33.100 [info] Discover tests for workspace name: terry - uri: /home/terry/repos/weather-data-project/api-request/insert_records.py
2025-12-07 13:08:40.973 [info] Discover tests for workspace name: terry - uri: /home/terry/repos/weather-data-project/api-request/insert_records.py
2025-12-07 13:08:44.951 [info] Discover tests for workspace name: terry - uri: /home/terry/repos/weather-data-project/api-request/insert_records.py
2025-12-07 13:08:49.086 [info] Discover tests for workspace name: terry - uri: /home/terry/repos/weather-data-project/api-request/insert_records.py
2025-12-07 13:08:55.110 [info] Discover tests for workspace name: terry - uri: /home/terry/repos/weather-data-project/api-request/insert_records.py
2025-12-07 13:08:59.324 [info] Discover tests for workspace name: terry - uri: /home/terry/repos/weather-data-project/api-request/insert_records.py
2025-12-07 13:09:05.826 [info] Discover tests for workspace name: terry - uri: /home/terry/repos/weather-data-project/api-request/insert_records.py
2025-12-07 13:09:10.718 [info] Discover tests for workspace name: terry - uri: /home/terry/repos/weather-data-project/api-request/insert_records.py
2025-12-07 13:09:19.724 [info] Discover tests for workspace name: terry - uri: /home/terry/repos/weather-data-project/api-request/insert_records.py
2025-12-07 13:09:21.572 [info] Discover tests for workspace name: terry - uri: /home/terry/repos/weather-data-project/api-request/insert_records.py
2025-12-07 13:09:30.132 [info] Discover tests for workspace name: terry - uri: /home/terry/repos/weather-data-project/api-request/insert_records.py
2025-12-07 13:09:38.423 [info] Discover tests for workspace name: terry - uri: /home/terry/repos/weather-data-project/api-request/insert_records.py
2025-12-07 13:09:45.883 [info] Discover tests for workspace name: terry - uri: /home/terry/repos/weather-data-project/api-request/insert_records.py
2025-12-07 13:09:53.499 [info] Discover tests for workspace name: terry - uri: /home/terry/repos/weather-data-project/api-request/insert_records.py
2025-12-07 13:09:59.949 [info] Discover tests for workspace name: terry - uri: /home/terry/repos/weather-data-project/api-request/insert_records.py
2025-12-07 13:10:01.409 [info] Discover tests for workspace name: terry - uri: /home/terry/repos/weather-data-project/api-request/insert_records.py
2025-12-07 13:10:11.424 [info] Discover tests for workspace name: terry - uri: /home/terry/repos/weather-data-project/api-request/insert_records.py
2025-12-07 13:13:40.078 [info] Discover tests for workspace name: terry - uri: /home/terry/repos/weather-data-project/api-request/insert_records.py
2025-12-07 13:13:42.929 [info] Discover tests for workspace name: terry - uri: /home/terry/repos/weather-data-project/api-request/insert_records.py
2025-12-07 13:13:49.972 [info] Discover tests for workspace name: terry - uri: /home/terry/repos/weather-data-project/api-request/insert_records.py
2025-12-07 13:13:57.240 [info] Discover tests for workspace name: terry - uri: /home/terry/repos/weather-data-project/api-request/insert_records.py
2025-12-07 13:14:00.724 [info] Discover tests for workspace name: terry - uri: /home/terry/repos/weather-data-project/api-request/insert_records.py
2025-12-07 13:14:03.558 [info] Discover tests for workspace name: terry - uri: /home/terry/repos/weather-data-project/api-request/insert_records.py
2025-12-07 13:14:04.904 [info] Discover tests for workspace name: terry - uri: /home/terry/repos/weather-data-project/api-request/insert_records.py
2025-12-07 13:14:06.127 [info] Discover tests for workspace name: terry - uri: /home/terry/repos/weather-data-project/api-request/insert_records.py
2025-12-07 13:14:11.005 [info] Discover tests for workspace name: terry - uri: /home/terry/repos/weather-data-project/api-request/insert_records.py
2025-12-07 13:14:16.674 [info] Discover tests for workspace name: terry - uri: /home/terry/repos/weather-data-project/api-request/insert_records.py
2025-12-07 13:14:18.626 [info] Discover tests for workspace name: terry - uri: /home/terry/repos/weather-data-project/api-request/insert_records.py
2025-12-07 13:14:31.152 [info] Discover tests for workspace name: terry - uri: /home/terry/repos/weather-data-project/api-request/insert_records.py
2025-12-07 13:14:34.042 [info] Discover tests for workspace name: terry - uri: /home/terry/repos/weather-data-project/api-request/insert_records.py
2025-12-07 13:14:40.738 [info] Discover tests for workspace name: terry - uri: /home/terry/repos/weather-data-project/api-request/insert_records.py
2025-12-07 13:14:42.821 [info] Discover tests for workspace name: terry - uri: /home/terry/repos/weather-data-project/api-request/insert_records.py
2025-12-07 13:14:47.673 [info] Discover tests for workspace name: terry - uri: /home/terry/repos/weather-data-project/api-request/insert_records.py
2025-12-07 13:14:52.281 [info] Discover tests for workspace name: terry - uri: /home/terry/repos/weather-data-project/api-request/insert_records.py
2025-12-07 13:14:57.276 [info] Discover tests for workspace name: terry - uri: /home/terry/repos/weather-data-project/api-request/insert_records.py
2025-12-07 13:15:01.732 [info] Discover tests for workspace name: terry - uri: /home/terry/repos/weather-data-project/api-request/insert_records.py
2025-12-07 13:15:51.286 [info] Discover tests for workspace name: terry - uri: /home/terry/repos/weather-data-project/api-request/insert_records.py
2025-12-07 13:15:53.963 [info] Discover tests for workspace name: terry - uri: /home/terry/repos/weather-data-project/api-request/insert_records.py
2025-12-07 13:15:56.139 [info] Discover tests for workspace name: terry - uri: /home/terry/repos/weather-data-project/api-request/insert_records.py
2025-12-07 13:16:11.984 [info] Discover tests for workspace name: terry - uri: /home/terry/repos/weather-data-project/api-request/insert_records.py
2025-12-07 13:47:38.991 [info] Discover tests for workspace name: terry - uri: /home/terry/repos/weather-data-project/airflow/dags/orchestrator.py
2025-12-07 13:47:39.764 [info] Discover tests for workspace name: terry - uri: /home/terry/repos/weather-data-project/airflow/dags/orchestrator.py
