2025-12-07 12:44:24.594 [info] [main] Log level: Info
2025-12-07 12:44:24.594 [info] [main] Validating found git in: "git"
2025-12-07 12:44:24.594 [info] [main] Using git "2.43.0" from "git"
2025-12-07 12:44:24.594 [info] [Model][doInitialScan] Initial repository scan started
2025-12-07 12:44:24.594 [info] > git rev-parse --show-toplevel [8ms]
2025-12-07 12:44:24.594 [info] fatal: not a git repository (or any of the parent directories): .git
2025-12-07 12:44:24.594 [info] > git rev-parse --show-toplevel [39ms]
2025-12-07 12:44:24.594 [info] fatal: not a git repository (or any of the parent directories): .git
2025-12-07 12:44:24.606 [info] > git rev-parse --show-toplevel [3ms]
2025-12-07 12:44:24.606 [info] fatal: not a git repository (or any of the parent directories): .git
2025-12-07 12:44:24.621 [info] > git rev-parse --show-toplevel [7ms]
2025-12-07 12:44:24.621 [info] fatal: not a git repository (or any of the parent directories): .git
2025-12-07 12:44:24.635 [info] > git rev-parse --show-toplevel [6ms]
2025-12-07 12:44:24.635 [info] fatal: not a git repository (or any of the parent directories): .git
2025-12-07 12:44:24.645 [info] > git rev-parse --show-toplevel [2ms]
2025-12-07 12:44:24.645 [info] fatal: not a git repository (or any of the parent directories): .git
2025-12-07 12:44:24.734 [info] > git rev-parse --show-toplevel [81ms]
2025-12-07 12:44:24.734 [info] fatal: not a git repository (or any of the parent directories): .git
2025-12-07 12:44:24.737 [info] [Model][doInitialScan] Initial repository scan completed - repositories (0), closed repositories (0), parent repositories (0), unsafe repositories (0)
2025-12-07 12:44:24.761 [info] > git rev-parse --show-toplevel [16ms]
2025-12-07 12:44:24.762 [info] fatal: not a git repository (or any of the parent directories): .git
2025-12-07 12:44:24.984 [info] > git rev-parse --show-toplevel [7ms]
2025-12-07 12:44:24.984 [info] fatal: not a git repository (or any of the parent directories): .git
2025-12-07 12:46:12.276 [info] > git rev-parse --show-toplevel [97ms]
2025-12-07 12:46:12.276 [info] fatal: not a git repository (or any of the parent directories): .git
2025-12-07 12:47:30.025 [info] > git rev-parse --show-toplevel [2ms]
2025-12-07 12:47:30.025 [info] fatal: not a git repository (or any of the parent directories): .git
2025-12-07 12:47:30.035 [info] > git rev-parse --show-toplevel [2ms]
2025-12-07 12:47:30.036 [info] fatal: not a git repository (or any of the parent directories): .git
2025-12-07 12:48:38.359 [info] > git rev-parse --show-toplevel [10ms]
2025-12-07 12:48:38.359 [info] fatal: not a git repository (or any of the parent directories): .git
2025-12-07 12:48:38.368 [info] > git rev-parse --show-toplevel [2ms]
2025-12-07 12:48:38.368 [info] fatal: not a git repository (or any of the parent directories): .git
2025-12-07 12:49:12.465 [info] > git rev-parse --show-toplevel [2ms]
2025-12-07 12:49:12.465 [info] fatal: not a git repository (or any of the parent directories): .git
2025-12-07 12:49:12.516 [info] > git rev-parse --show-toplevel [1ms]
2025-12-07 12:49:12.516 [info] fatal: not a git repository (or any of the parent directories): .git
2025-12-07 12:49:58.097 [info] > git rev-parse --show-toplevel [3ms]
2025-12-07 12:49:58.097 [info] fatal: not a git repository (or any of the parent directories): .git
2025-12-07 12:49:58.113 [info] > git rev-parse --show-toplevel [1ms]
2025-12-07 12:49:58.114 [info] fatal: not a git repository (or any of the parent directories): .git
2025-12-07 12:50:10.325 [info] > git rev-parse --show-toplevel [2ms]
2025-12-07 12:50:10.325 [info] fatal: not a git repository (or any of the parent directories): .git
2025-12-07 12:50:10.335 [info] > git rev-parse --show-toplevel [1ms]
2025-12-07 12:50:10.335 [info] fatal: not a git repository (or any of the parent directories): .git
2025-12-07 12:50:23.109 [info] > git rev-parse --show-toplevel [2ms]
2025-12-07 12:50:23.109 [info] fatal: not a git repository (or any of the parent directories): .git
2025-12-07 12:50:23.117 [info] > git rev-parse --show-toplevel [2ms]
2025-12-07 12:50:23.117 [info] fatal: not a git repository (or any of the parent directories): .git
2025-12-07 12:54:05.966 [info] > git rev-parse --show-toplevel [3ms]
2025-12-07 12:54:05.966 [info] fatal: not a git repository (or any of the parent directories): .git
2025-12-07 12:54:13.862 [info] > git rev-parse --show-toplevel [2ms]
2025-12-07 12:54:13.862 [info] fatal: not a git repository (or any of the parent directories): .git
2025-12-07 12:54:54.374 [info] > git rev-parse --show-toplevel [2ms]
2025-12-07 12:54:54.374 [info] fatal: not a git repository (or any of the parent directories): .git
2025-12-07 12:54:54.382 [info] > git rev-parse --show-toplevel [2ms]
2025-12-07 12:54:54.382 [info] fatal: not a git repository (or any of the parent directories): .git
2025-12-07 13:09:45.373 [info] > git rev-parse --show-toplevel [3ms]
2025-12-07 13:09:45.373 [info] fatal: not a git repository (or any of the parent directories): .git
2025-12-07 13:09:47.977 [info] > git rev-parse --show-toplevel [17ms]
2025-12-07 13:09:47.977 [info] fatal: not a git repository (or any of the parent directories): .git
2025-12-07 13:10:32.243 [info] > git rev-parse --show-toplevel [3ms]
2025-12-07 13:10:32.243 [info] fatal: not a git repository (or any of the parent directories): .git
2025-12-07 13:10:38.984 [info] > git rev-parse --show-toplevel [1ms]
2025-12-07 13:10:38.984 [info] fatal: not a git repository (or any of the parent directories): .git
2025-12-07 13:10:38.993 [info] > git rev-parse --show-toplevel [1ms]
2025-12-07 13:10:38.993 [info] fatal: not a git repository (or any of the parent directories): .git
2025-12-07 13:10:49.450 [info] > git rev-parse --show-toplevel [3ms]
2025-12-07 13:10:49.451 [info] fatal: not a git repository (or any of the parent directories): .git
2025-12-07 13:11:04.925 [info] > git rev-parse --show-toplevel [2ms]
2025-12-07 13:11:04.925 [info] fatal: not a git repository (or any of the parent directories): .git
2025-12-07 13:11:04.938 [info] > git rev-parse --show-toplevel [2ms]
2025-12-07 13:11:04.938 [info] fatal: not a git repository (or any of the parent directories): .git
2025-12-07 13:11:10.553 [info] > git rev-parse --show-toplevel [1ms]
2025-12-07 13:11:10.553 [info] fatal: not a git repository (or any of the parent directories): .git
2025-12-07 13:11:10.566 [info] > git rev-parse --show-toplevel [1ms]
2025-12-07 13:11:10.567 [info] fatal: not a git repository (or any of the parent directories): .git
2025-12-07 13:11:13.172 [info] > git rev-parse --show-toplevel [4ms]
2025-12-07 13:11:13.172 [info] fatal: not a git repository (or any of the parent directories): .git
2025-12-07 13:11:13.183 [info] > git rev-parse --show-toplevel [1ms]
2025-12-07 13:11:13.183 [info] fatal: not a git repository (or any of the parent directories): .git
2025-12-07 13:15:57.966 [info] > git rev-parse --show-toplevel [2ms]
2025-12-07 13:15:57.966 [info] fatal: not a git repository (or any of the parent directories): .git
2025-12-07 13:15:57.978 [info] > git rev-parse --show-toplevel [2ms]
2025-12-07 13:15:57.978 [info] fatal: not a git repository (or any of the parent directories): .git
2025-12-07 13:16:25.990 [info] > git rev-parse --show-toplevel [2ms]
2025-12-07 13:16:25.990 [info] fatal: not a git repository (or any of the parent directories): .git
2025-12-07 13:25:05.719 [info] > git rev-parse --show-toplevel [18ms]
2025-12-07 13:25:05.720 [info] fatal: not a git repository (or any of the parent directories): .git
2025-12-07 13:26:02.957 [info] > git rev-parse --show-toplevel [2ms]
2025-12-07 13:26:02.957 [info] fatal: not a git repository (or any of the parent directories): .git
2025-12-07 13:32:27.543 [info] > git rev-parse --show-toplevel [15ms]
2025-12-07 13:32:27.544 [info] fatal: not a git repository (or any of the parent directories): .git
2025-12-07 13:46:59.242 [info] > git rev-parse --show-toplevel [3ms]
2025-12-07 13:46:59.242 [info] fatal: not a git repository (or any of the parent directories): .git
2025-12-07 13:47:28.276 [info] > git rev-parse --show-toplevel [2ms]
2025-12-07 13:47:28.276 [info] fatal: not a git repository (or any of the parent directories): .git
2025-12-07 13:47:40.925 [info] > git rev-parse --show-toplevel [1ms]
2025-12-07 13:47:40.925 [info] fatal: not a git repository (or any of the parent directories): .git
2025-12-07 13:47:41.052 [info] > git rev-parse --show-toplevel [3ms]
2025-12-07 13:47:41.052 [info] fatal: not a git repository (or any of the parent directories): .git
