2025-12-08 13:14:37.250 [info] [main] Log level: Info
2025-12-08 13:14:37.250 [info] [main] Validating found git in: "git"
2025-12-08 13:14:37.250 [info] [main] Using git "2.43.0" from "git"
2025-12-08 13:14:37.250 [info] [Model][doInitialScan] Initial repository scan started
2025-12-08 13:14:37.250 [info] > git rev-parse --show-toplevel [82ms]
2025-12-08 13:14:37.250 [info] fatal: not a git repository (or any of the parent directories): .git
2025-12-08 13:14:37.250 [info] > git rev-parse --show-toplevel [32ms]
2025-12-08 13:14:37.250 [info] fatal: not a git repository (or any of the parent directories): .git
2025-12-08 13:14:37.275 [info] > git rev-parse --show-toplevel [12ms]
2025-12-08 13:14:37.275 [info] fatal: not a git repository (or any of the parent directories): .git
2025-12-08 13:14:37.301 [info] > git rev-parse --show-toplevel [16ms]
2025-12-08 13:14:37.301 [info] fatal: not a git repository (or any of the parent directories): .git
2025-12-08 13:14:37.314 [info] > git rev-parse --show-toplevel [1ms]
2025-12-08 13:14:37.314 [info] fatal: not a git repository (or any of the parent directories): .git
2025-12-08 13:14:37.330 [info] > git rev-parse --show-toplevel [7ms]
2025-12-08 13:14:37.330 [info] fatal: not a git repository (or any of the parent directories): .git
2025-12-08 13:14:37.341 [info] > git rev-parse --show-toplevel [3ms]
2025-12-08 13:14:37.341 [info] fatal: not a git repository (or any of the parent directories): .git
2025-12-08 13:14:37.345 [info] [Model][doInitialScan] Initial repository scan completed - repositories (0), closed repositories (0), parent repositories (0), unsafe repositories (0)
2025-12-08 13:14:37.362 [info] > git rev-parse --show-toplevel [5ms]
2025-12-08 13:14:37.362 [info] fatal: not a git repository (or any of the parent directories): .git
2025-12-08 13:14:37.893 [info] > git rev-parse --show-toplevel [11ms]
2025-12-08 13:14:37.893 [info] fatal: not a git repository (or any of the parent directories): .git
