2025-12-04 21:01:37.011 [info] [main] Log level: Info
2025-12-04 21:01:37.011 [info] [main] Validating found git in: "git"
2025-12-04 21:01:37.011 [info] [main] Using git "2.43.0" from "git"
2025-12-04 21:01:37.011 [info] [Model][doInitialScan] Initial repository scan started
2025-12-04 21:01:37.011 [info] > git rev-parse --show-toplevel [46ms]
2025-12-04 21:01:37.011 [info] fatal: not a git repository (or any of the parent directories): .git
2025-12-04 21:01:37.011 [info] > git rev-parse --show-toplevel [4ms]
2025-12-04 21:01:37.011 [info] fatal: not a git repository (or any of the parent directories): .git
2025-12-04 21:01:37.015 [info] > git rev-parse --show-toplevel [6ms]
2025-12-04 21:01:37.015 [info] fatal: not a git repository (or any of the parent directories): .git
2025-12-04 21:01:37.059 [info] > git rev-parse --show-toplevel [34ms]
2025-12-04 21:01:37.059 [info] fatal: not a git repository (or any of the parent directories): .git
2025-12-04 21:01:37.096 [info] > git rev-parse --show-toplevel [11ms]
2025-12-04 21:01:37.096 [info] fatal: not a git repository (or any of the parent directories): .git
2025-12-04 21:01:37.185 [info] > git rev-parse --show-toplevel [8ms]
2025-12-04 21:01:37.185 [info] fatal: not a git repository (or any of the parent directories): .git
2025-12-04 21:01:37.197 [info] > git rev-parse --show-toplevel [3ms]
2025-12-04 21:01:37.197 [info] fatal: not a git repository (or any of the parent directories): .git
2025-12-04 21:01:37.199 [info] [Model][doInitialScan] Initial repository scan completed - repositories (0), closed repositories (0), parent repositories (0), unsafe repositories (0)
2025-12-04 21:01:37.497 [info] > git rev-parse --show-toplevel [43ms]
2025-12-04 21:01:37.497 [info] fatal: not a git repository (or any of the parent directories): .git
2025-12-04 21:01:37.930 [info] > git rev-parse --show-toplevel [2ms]
2025-12-04 21:01:37.930 [info] fatal: not a git repository (or any of the parent directories): .git
2025-12-04 21:01:38.317 [info] > git rev-parse --show-toplevel [4ms]
2025-12-04 21:01:38.317 [info] fatal: not a git repository (or any of the parent directories): .git
