2025-12-08 20:24:13.489 [info] Native locator: Refresh started
2025-12-08 20:24:13.872 [info] Skipping ActivatedEnv Detection:  process.env.VSCODE_CLI !== '1'
2025-12-08 20:24:14.016 [info] > pyenv which python
2025-12-08 20:24:14.016 [info] cwd: .
2025-12-08 20:24:15.503 [info] Python interpreter path: /bin/python3
2025-12-08 20:24:19.824 [info] Starting Pylance language server.
2025-12-08 20:24:22.508 [info] Native locator: Refresh finished in 9172 ms
2025-12-08 20:24:30.046 [info] Python interpreter path: /usr/bin/python3
2025-12-08 20:24:40.160 [info] Discover tests for workspace name: terry - uri: /home/terry/repos/weather-data-project/airflow/dags/dbt_orchestrator.py
2025-12-08 20:24:43.983 [info] Discover tests for workspace name: terry - uri: /home/terry/repos/weather-data-project/airflow/dags/dbt_orchestrator.py
2025-12-08 20:24:48.138 [info] Discover tests for workspace name: terry - uri: /home/terry/repos/weather-data-project/airflow/dags/dbt_orchestrator.py
2025-12-08 20:24:54.326 [info] Discover tests for workspace name: terry - uri: /home/terry/repos/weather-data-project/airflow/dags/dbt_orchestrator.py
2025-12-08 20:24:55.912 [info] Discover tests for workspace name: terry - uri: /home/terry/repos/weather-data-project/airflow/dags/dbt_orchestrator.py
2025-12-08 20:24:57.643 [info] Discover tests for workspace name: terry - uri: /home/terry/repos/weather-data-project/airflow/dags/dbt_orchestrator.py
2025-12-08 20:24:59.517 [info] Discover tests for workspace name: terry - uri: /home/terry/repos/weather-data-project/airflow/dags/dbt_orchestrator.py
2025-12-08 20:25:07.176 [info] Discover tests for workspace name: terry - uri: /home/terry/repos/weather-data-project/airflow/dags/dbt_orchestrator.py
2025-12-08 20:25:09.116 [info] Discover tests for workspace name: terry - uri: /home/terry/repos/weather-data-project/airflow/dags/dbt_orchestrator.py
2025-12-08 20:25:27.590 [info] Discover tests for workspace name: terry - uri: /home/terry/repos/weather-data-project/airflow/dags/dbt_orchestrator.py
2025-12-08 20:25:31.094 [info] Discover tests for workspace name: terry - uri: /home/terry/repos/weather-data-project/airflow/dags/dbt_orchestrator.py
2025-12-08 20:25:36.768 [info] Discover tests for workspace name: terry - uri: /home/terry/repos/weather-data-project/airflow/dags/dbt_orchestrator.py
2025-12-08 20:25:43.178 [info] Discover tests for workspace name: terry - uri: /home/terry/repos/weather-data-project/airflow/dags/dbt_orchestrator.py
2025-12-08 20:25:46.942 [info] Discover tests for workspace name: terry - uri: /home/terry/repos/weather-data-project/airflow/dags/dbt_orchestrator.py
2025-12-08 20:25:49.181 [info] Discover tests for workspace name: terry - uri: /home/terry/repos/weather-data-project/airflow/dags/dbt_orchestrator.py
2025-12-08 20:25:51.670 [info] Discover tests for workspace name: terry - uri: /home/terry/repos/weather-data-project/airflow/dags/dbt_orchestrator.py
2025-12-08 20:25:54.398 [info] Discover tests for workspace name: terry - uri: /home/terry/repos/weather-data-project/airflow/dags/dbt_orchestrator.py
2025-12-08 20:26:01.417 [info] Discover tests for workspace name: terry - uri: /home/terry/repos/weather-data-project/airflow/dags/dbt_orchestrator.py
2025-12-08 20:26:05.510 [info] Discover tests for workspace name: terry - uri: /home/terry/repos/weather-data-project/airflow/dags/dbt_orchestrator.py
2025-12-08 20:26:10.376 [info] Discover tests for workspace name: terry - uri: /home/terry/repos/weather-data-project/airflow/dags/dbt_orchestrator.py
2025-12-08 20:26:14.909 [info] Discover tests for workspace name: terry - uri: /home/terry/repos/weather-data-project/airflow/dags/dbt_orchestrator.py
2025-12-08 20:26:21.001 [info] Discover tests for workspace name: terry - uri: /home/terry/repos/weather-data-project/airflow/dags/dbt_orchestrator.py
2025-12-08 20:26:23.004 [info] Discover tests for workspace name: terry - uri: /home/terry/repos/weather-data-project/airflow/dags/dbt_orchestrator.py
2025-12-08 20:26:26.661 [info] Discover tests for workspace name: terry - uri: /home/terry/repos/weather-data-project/airflow/dags/dbt_orchestrator.py
2025-12-08 20:26:33.877 [info] Discover tests for workspace name: terry - uri: /home/terry/repos/weather-data-project/airflow/dags/dbt_orchestrator.py
2025-12-08 20:26:38.992 [info] Discover tests for workspace name: terry - uri: /home/terry/repos/weather-data-project/airflow/dags/dbt_orchestrator.py
2025-12-08 20:26:40.474 [info] Discover tests for workspace name: terry - uri: /home/terry/repos/weather-data-project/airflow/dags/dbt_orchestrator.py
2025-12-08 20:26:47.917 [info] Discover tests for workspace name: terry - uri: /home/terry/repos/weather-data-project/airflow/dags/dbt_orchestrator.py
2025-12-08 20:26:50.907 [info] Discover tests for workspace name: terry - uri: /home/terry/repos/weather-data-project/airflow/dags/dbt_orchestrator.py
2025-12-08 20:30:47.360 [info] Discover tests for workspace name: terry - uri: /home/terry/repos/weather-data-project/airflow/dags/dbt_orchestrator.py
2025-12-08 20:30:53.423 [info] Discover tests for workspace name: terry - uri: /home/terry/repos/weather-data-project/airflow/dags/dbt_orchestrator.py
2025-12-08 20:31:00.581 [info] Discover tests for workspace name: terry - uri: /home/terry/repos/weather-data-project/airflow/dags/dbt_orchestrator.py
2025-12-08 20:31:09.148 [info] Discover tests for workspace name: terry - uri: /home/terry/repos/weather-data-project/airflow/dags/dbt_orchestrator.py
2025-12-08 20:31:13.166 [info] Discover tests for workspace name: terry - uri: /home/terry/repos/weather-data-project/airflow/dags/dbt_orchestrator.py
2025-12-08 20:31:16.967 [info] Discover tests for workspace name: terry - uri: /home/terry/repos/weather-data-project/airflow/dags/dbt_orchestrator.py
2025-12-08 20:31:19.905 [info] Discover tests for workspace name: terry - uri: /home/terry/repos/weather-data-project/airflow/dags/dbt_orchestrator.py
2025-12-08 20:31:24.540 [info] Discover tests for workspace name: terry - uri: /home/terry/repos/weather-data-project/airflow/dags/dbt_orchestrator.py
2025-12-08 20:31:29.354 [info] Discover tests for workspace name: terry - uri: /home/terry/repos/weather-data-project/airflow/dags/dbt_orchestrator.py
2025-12-08 20:31:33.784 [info] Discover tests for workspace name: terry - uri: /home/terry/repos/weather-data-project/airflow/dags/dbt_orchestrator.py
2025-12-08 20:31:43.005 [info] Discover tests for workspace name: terry - uri: /home/terry/repos/weather-data-project/airflow/dags/dbt_orchestrator.py
2025-12-08 20:32:19.676 [info] Discover tests for workspace name: terry - uri: /home/terry/repos/weather-data-project/airflow/dags/dbt_orchestrator.py
2025-12-08 20:32:25.937 [info] Discover tests for workspace name: terry - uri: /home/terry/repos/weather-data-project/airflow/dags/dbt_orchestrator.py
2025-12-08 20:32:30.191 [info] Discover tests for workspace name: terry - uri: /home/terry/repos/weather-data-project/airflow/dags/dbt_orchestrator.py
2025-12-08 20:32:39.587 [info] Discover tests for workspace name: terry - uri: /home/terry/repos/weather-data-project/airflow/dags/dbt_orchestrator.py
2025-12-08 20:32:44.479 [info] Discover tests for workspace name: terry - uri: /home/terry/repos/weather-data-project/airflow/dags/dbt_orchestrator.py
2025-12-08 20:32:46.844 [info] Discover tests for workspace name: terry - uri: /home/terry/repos/weather-data-project/airflow/dags/dbt_orchestrator.py
2025-12-08 20:32:49.712 [info] Discover tests for workspace name: terry - uri: /home/terry/repos/weather-data-project/airflow/dags/dbt_orchestrator.py
2025-12-08 20:32:55.631 [info] Discover tests for workspace name: terry - uri: /home/terry/repos/weather-data-project/airflow/dags/dbt_orchestrator.py
2025-12-08 20:32:59.595 [info] Discover tests for workspace name: terry - uri: /home/terry/repos/weather-data-project/airflow/dags/dbt_orchestrator.py
2025-12-08 20:33:01.075 [info] Discover tests for workspace name: terry - uri: /home/terry/repos/weather-data-project/airflow/dags/dbt_orchestrator.py
2025-12-08 20:33:04.845 [info] Discover tests for workspace name: terry - uri: /home/terry/repos/weather-data-project/airflow/dags/dbt_orchestrator.py
2025-12-08 20:33:07.157 [info] Discover tests for workspace name: terry - uri: /home/terry/repos/weather-data-project/airflow/dags/dbt_orchestrator.py
2025-12-08 20:33:09.026 [info] Discover tests for workspace name: terry - uri: /home/terry/repos/weather-data-project/airflow/dags/dbt_orchestrator.py
2025-12-08 20:33:12.917 [info] Discover tests for workspace name: terry - uri: /home/terry/repos/weather-data-project/airflow/dags/dbt_orchestrator.py
2025-12-08 20:33:20.321 [info] Discover tests for workspace name: terry - uri: /home/terry/repos/weather-data-project/airflow/dags/dbt_orchestrator.py
2025-12-08 20:33:27.265 [info] Discover tests for workspace name: terry - uri: /home/terry/repos/weather-data-project/airflow/dags/dbt_orchestrator.py
2025-12-08 20:33:34.292 [info] Discover tests for workspace name: terry - uri: /home/terry/repos/weather-data-project/airflow/dags/dbt_orchestrator.py
2025-12-08 20:35:20.058 [info] Discover tests for workspace name: terry - uri: /home/terry/repos/weather-data-project/airflow/dags/dbt_orchestrator.py
2025-12-08 20:39:21.509 [info] Discover tests for workspace name: terry - uri: /home/terry/repos/weather-data-project/airflow/dags/dbt_orchestrator.py
2025-12-08 20:39:22.175 [info] Discover tests for workspace name: terry - uri: /home/terry/repos/weather-data-project/airflow/dags/dbt_orchestrator.py
2025-12-08 20:39:41.484 [info] Discover tests for workspace name: terry - uri: /home/terry/repos/weather-data-project/airflow/dags/dbt_orchestrator.py
2025-12-08 20:39:47.555 [info] Discover tests for workspace name: terry - uri: /home/terry/repos/weather-data-project/airflow/dags/dbt_orchestrator.py
2025-12-08 20:39:53.532 [info] Discover tests for workspace name: terry - uri: /home/terry/repos/weather-data-project/airflow/dags/dbt_orchestrator.py
2025-12-08 20:40:09.016 [info] Discover tests for workspace name: terry - uri: /home/terry/repos/weather-data-project/airflow/dags/dbt_orchestrator.py
2025-12-08 21:04:39.352 [info] Discover tests for workspace name: terry - uri: /home/terry/repos/weather-data-project/airflow/dags/dbt_orchestrator.py
2025-12-08 21:09:20.180 [info] Discover tests for workspace name: terry - uri: /home/terry/repos/weather-data-project/airflow/dags/orchestrator.py
2025-12-08 21:09:23.681 [info] Discover tests for workspace name: terry - uri: /home/terry/repos/weather-data-project/airflow/dags/orchestrator.py
2025-12-08 21:09:35.941 [info] Discover tests for workspace name: terry - uri: /home/terry/repos/weather-data-project/airflow/dags/orchestrator.py
2025-12-08 21:09:41.601 [info] Discover tests for workspace name: terry - uri: /home/terry/repos/weather-data-project/airflow/dags/orchestrator.py
2025-12-08 21:09:45.128 [info] Discover tests for workspace name: terry - uri: /home/terry/repos/weather-data-project/airflow/dags/orchestrator.py
2025-12-08 21:09:46.309 [info] Discover tests for workspace name: terry - uri: /home/terry/repos/weather-data-project/airflow/dags/orchestrator.py
2025-12-08 21:09:58.027 [info] Discover tests for workspace name: terry - uri: /home/terry/repos/weather-data-project/airflow/dags/orchestrator.py
2025-12-08 21:10:45.251 [info] Discover tests for workspace name: terry - uri: /home/terry/repos/weather-data-project/airflow/dags/orchestrator.py
2025-12-08 21:10:48.419 [info] Discover tests for workspace name: terry - uri: /home/terry/repos/weather-data-project/airflow/dags/orchestrator.py
2025-12-08 21:16:12.878 [info] Discover tests for workspace name: terry - uri: /home/terry/repos/weather-data-project/docker/super_set_config.py
